a:4:{s:3:"row";i:1;s:7:"message";s:27:"User imported successfully.";s:6:"status";b:1;s:7:"post_id";i:863;}
a:4:{s:3:"row";i:2;s:7:"message";s:27:"User imported successfully.";s:6:"status";b:1;s:7:"post_id";i:864;}
a:4:{s:3:"row";i:3;s:7:"message";s:27:"User imported successfully.";s:6:"status";b:1;s:7:"post_id";i:865;}
a:4:{s:3:"row";i:4;s:7:"message";s:27:"User imported successfully.";s:6:"status";b:1;s:7:"post_id";i:866;}
a:4:{s:3:"row";i:5;s:7:"message";s:70:"User with same Email already exists. Email: simone.treiber@outlook.com";s:6:"status";b:0;s:7:"post_id";s:0:"";}
a:4:{s:3:"row";i:6;s:7:"message";s:72:"User with same Email already exists. Email: woodstock.drogerie@gmail.com";s:6:"status";b:0;s:7:"post_id";s:0:"";}
a:4:{s:3:"row";i:7;s:7:"message";s:27:"User imported successfully.";s:6:"status";b:1;s:7:"post_id";i:867;}
a:4:{s:3:"row";i:8;s:7:"message";s:71:"User with same Email already exists. Email: frischemarktmeyer@gmail.com";s:6:"status";b:0;s:7:"post_id";s:0:"";}
a:4:{s:3:"row";i:9;s:7:"message";s:27:"User imported successfully.";s:6:"status";b:1;s:7:"post_id";i:868;}
a:4:{s:3:"row";i:10;s:7:"message";s:71:"User with same Email already exists. Email: scheferhof.cnljp@hotmail.de";s:6:"status";b:0;s:7:"post_id";s:0:"";}
a:4:{s:3:"row";i:11;s:7:"message";s:62:"User with same Email already exists. Email: kaeseglueck@gmx.de";s:6:"status";b:0;s:7:"post_id";s:0:"";}
a:4:{s:3:"row";i:12;s:7:"message";s:64:"User with same Email already exists. Email: hallo@semmelprinz.de";s:6:"status";b:0;s:7:"post_id";s:0:"";}
a:4:{s:3:"row";i:13;s:7:"message";s:79:"User with same Email already exists. Email: wolfgang.kiessling@das-gruenhaus.de";s:6:"status";b:0;s:7:"post_id";s:0:"";}
a:4:{s:3:"row";i:14;s:7:"message";s:62:"User with same Email already exists. Email: Info@monis-ladl.de";s:6:"status";b:0;s:7:"post_id";s:0:"";}
a:4:{s:3:"row";i:15;s:7:"message";s:27:"User imported successfully.";s:6:"status";b:1;s:7:"post_id";i:869;}
a:4:{s:3:"row";i:16;s:7:"message";s:44:"> skipped: cannot insert user without email.";s:6:"status";b:0;s:7:"post_id";s:0:"";}
a:4:{s:3:"row";i:17;s:7:"message";s:27:"User imported successfully.";s:6:"status";b:1;s:7:"post_id";i:870;}
a:4:{s:3:"row";i:18;s:7:"message";s:27:"User imported successfully.";s:6:"status";b:1;s:7:"post_id";i:871;}
a:4:{s:3:"row";i:19;s:7:"message";s:27:"User imported successfully.";s:6:"status";b:1;s:7:"post_id";i:872;}
a:4:{s:3:"row";i:20;s:7:"message";s:27:"User imported successfully.";s:6:"status";b:1;s:7:"post_id";i:873;}
a:4:{s:3:"row";i:21;s:7:"message";s:27:"User imported successfully.";s:6:"status";b:1;s:7:"post_id";i:874;}
a:4:{s:3:"row";i:22;s:7:"message";s:69:"User with same Email already exists. Email: Andrea.ranzinger72@gmx.de";s:6:"status";b:0;s:7:"post_id";s:0:"";}
a:4:{s:3:"row";i:23;s:7:"message";s:68:"User with same Email already exists. Email: info@weingut-roemmert.de";s:6:"status";b:0;s:7:"post_id";s:0:"";}
a:4:{s:3:"row";i:24;s:7:"message";s:65:"User with same Email already exists. Email: info@obsthof-jarzt.de";s:6:"status";b:0;s:7:"post_id";s:0:"";}
a:4:{s:3:"row";i:25;s:7:"message";s:62:"User with same Email already exists. Email: info@joggershof.de";s:6:"status";b:0;s:7:"post_id";s:0:"";}
a:4:{s:3:"row";i:26;s:7:"message";s:27:"User imported successfully.";s:6:"status";b:1;s:7:"post_id";i:875;}
a:4:{s:3:"row";i:27;s:7:"message";s:27:"User imported successfully.";s:6:"status";b:1;s:7:"post_id";i:876;}
a:4:{s:3:"row";i:28;s:7:"message";s:27:"User imported successfully.";s:6:"status";b:1;s:7:"post_id";i:877;}
a:4:{s:3:"row";i:29;s:7:"message";s:66:"User with same Email already exists. Email: Marion.Obermair@web.de";s:6:"status";b:0;s:7:"post_id";s:0:"";}
a:4:{s:3:"row";i:30;s:7:"message";s:27:"User imported successfully.";s:6:"status";b:1;s:7:"post_id";i:878;}
a:4:{s:3:"row";i:31;s:7:"message";s:67:"User with same Email already exists. Email: hofladen-kettner@web.de";s:6:"status";b:0;s:7:"post_id";s:0:"";}
a:4:{s:3:"row";i:32;s:7:"message";s:44:"> skipped: cannot insert user without email.";s:6:"status";b:0;s:7:"post_id";s:0:"";}
a:4:{s:3:"row";i:33;s:7:"message";s:58:"User with same Email already exists. Email: rmmayer@gmx.de";s:6:"status";b:0;s:7:"post_id";s:0:"";}
a:4:{s:3:"row";i:34;s:7:"message";s:27:"User imported successfully.";s:6:"status";b:1;s:7:"post_id";i:879;}
a:4:{s:3:"row";i:35;s:7:"message";s:27:"User imported successfully.";s:6:"status";b:1;s:7:"post_id";i:880;}
a:4:{s:3:"row";i:36;s:7:"message";s:27:"User imported successfully.";s:6:"status";b:1;s:7:"post_id";i:881;}
a:4:{s:3:"row";i:37;s:7:"message";s:27:"User imported successfully.";s:6:"status";b:1;s:7:"post_id";i:882;}
a:4:{s:3:"row";i:38;s:7:"message";s:27:"User imported successfully.";s:6:"status";b:1;s:7:"post_id";i:883;}
a:4:{s:3:"row";i:39;s:7:"message";s:27:"User imported successfully.";s:6:"status";b:1;s:7:"post_id";i:884;}
a:4:{s:3:"row";i:40;s:7:"message";s:27:"User imported successfully.";s:6:"status";b:1;s:7:"post_id";i:885;}
a:4:{s:3:"row";i:41;s:7:"message";s:27:"User imported successfully.";s:6:"status";b:1;s:7:"post_id";i:886;}
a:4:{s:3:"row";i:42;s:7:"message";s:27:"User imported successfully.";s:6:"status";b:1;s:7:"post_id";i:887;}
a:4:{s:3:"row";i:43;s:7:"message";s:27:"User imported successfully.";s:6:"status";b:1;s:7:"post_id";i:888;}
a:4:{s:3:"row";i:44;s:7:"message";s:27:"User imported successfully.";s:6:"status";b:1;s:7:"post_id";i:889;}
a:4:{s:3:"row";i:45;s:7:"message";s:27:"User imported successfully.";s:6:"status";b:1;s:7:"post_id";i:890;}
a:4:{s:3:"row";i:46;s:7:"message";s:27:"User imported successfully.";s:6:"status";b:1;s:7:"post_id";i:891;}
a:4:{s:3:"row";i:47;s:7:"message";s:27:"User imported successfully.";s:6:"status";b:1;s:7:"post_id";i:892;}
a:4:{s:3:"row";i:48;s:7:"message";s:27:"User imported successfully.";s:6:"status";b:1;s:7:"post_id";i:893;}
