a:4:{s:3:"row";i:1;s:7:"message";s:76:"User with same Email already exists. Email: henrik-burmester@hofsteinberg.de";s:6:"status";b:0;s:7:"post_id";s:0:"";}
a:4:{s:3:"row";i:2;s:7:"message";s:65:"User with same Email already exists. Email: info@vonundzutisch.de";s:6:"status";b:0;s:7:"post_id";s:0:"";}
a:4:{s:3:"row";i:3;s:7:"message";s:77:"User with same Email already exists. Email: wimmer-ronecker@clubk-sprachen.de";s:6:"status";b:0;s:7:"post_id";s:0:"";}
a:4:{s:3:"row";i:4;s:7:"message";s:64:"User with same Email already exists. Email: derackerladen@gmx.de";s:6:"status";b:0;s:7:"post_id";s:0:"";}
a:4:{s:3:"row";i:5;s:7:"message";s:65:"User with same Email already exists. Email: info@flaschengeist.de";s:6:"status";b:0;s:7:"post_id";s:0:"";}
a:4:{s:3:"row";i:6;s:7:"message";s:71:"User with same Email already exists. Email: gemuesebau-jung@t-online.de";s:6:"status";b:0;s:7:"post_id";s:0:"";}
a:4:{s:3:"row";i:7;s:7:"message";s:64:"User with same Email already exists. Email: info@obsthof-mohn.de";s:6:"status";b:0;s:7:"post_id";s:0:"";}
a:4:{s:3:"row";i:8;s:7:"message";s:66:"User with same Email already exists. Email: anjabehringer@yahoo.de";s:6:"status";b:0;s:7:"post_id";s:0:"";}
a:4:{s:3:"row";i:9;s:7:"message";s:74:"User with same Email already exists. Email: ernst-cafe-forster@chefmail.de";s:6:"status";b:0;s:7:"post_id";s:0:"";}
a:4:{s:3:"row";i:10;s:7:"message";s:62:"User with same Email already exists. Email: mail@essclusiv.com";s:6:"status";b:0;s:7:"post_id";s:0:"";}
a:4:{s:3:"row";i:11;s:7:"message";s:72:"User with same Email already exists. Email: birgit.kimmich-doerr@elkb.de";s:6:"status";b:0;s:7:"post_id";s:0:"";}
a:4:{s:3:"row";i:12;s:7:"message";s:68:"User with same Email already exists. Email: info@landwirt-seifert.de";s:6:"status";b:0;s:7:"post_id";s:0:"";}
a:4:{s:3:"row";i:13;s:7:"message";s:67:"User with same Email already exists. Email: Info@hofladenkoeppen.de";s:6:"status";b:0;s:7:"post_id";s:0:"";}
a:4:{s:3:"row";i:14;s:7:"message";s:71:"User with same Email already exists. Email: kartoffelhof-vulpius@gmx.de";s:6:"status";b:0;s:7:"post_id";s:0:"";}
a:4:{s:3:"row";i:15;s:7:"message";s:64:"User with same Email already exists. Email: dennis@gretzschel.eu";s:6:"status";b:0;s:7:"post_id";s:0:"";}
a:4:{s:3:"row";i:16;s:7:"message";s:72:"User with same Email already exists. Email: info@aroma-genuss-erleben.de";s:6:"status";b:0;s:7:"post_id";s:0:"";}
a:4:{s:3:"row";i:17;s:7:"message";s:68:"User with same Email already exists. Email: info@hofladen-brunner.de";s:6:"status";b:0;s:7:"post_id";s:0:"";}
a:4:{s:3:"row";i:18;s:7:"message";s:63:"User with same Email already exists. Email: s.krawinkel@gmx.net";s:6:"status";b:0;s:7:"post_id";s:0:"";}
a:4:{s:3:"row";i:19;s:7:"message";s:64:"User with same Email already exists. Email: c.meyer@jo-snack.com";s:6:"status";b:0;s:7:"post_id";s:0:"";}
a:4:{s:3:"row";i:20;s:7:"message";s:64:"User with same Email already exists. Email: shop@htr-feinkost.de";s:6:"status";b:0;s:7:"post_id";s:0:"";}
a:4:{s:3:"row";i:21;s:7:"message";s:64:"User with same Email already exists. Email: info@brot-schwarz.de";s:6:"status";b:0;s:7:"post_id";s:0:"";}
a:4:{s:3:"row";i:22;s:7:"message";s:74:"User with same Email already exists. Email: gabriele.schwebe@googlemail.de";s:6:"status";b:0;s:7:"post_id";s:0:"";}
a:4:{s:3:"row";i:23;s:7:"message";s:66:"User with same Email already exists. Email: gerd-obernoeder@gmx.de";s:6:"status";b:0;s:7:"post_id";s:0:"";}
a:4:{s:3:"row";i:24;s:7:"message";s:64:"User with same Email already exists. Email: klauskrischke@web.de";s:6:"status";b:0;s:7:"post_id";s:0:"";}
a:4:{s:3:"row";i:25;s:7:"message";s:62:"User with same Email already exists. Email: sm@heimathaven.com";s:6:"status";b:0;s:7:"post_id";s:0:"";}
a:4:{s:3:"row";i:26;s:7:"message";s:74:"User with same Email already exists. Email: hubertus-bleckmann@t-online.de";s:6:"status";b:0;s:7:"post_id";s:0:"";}
a:4:{s:3:"row";i:27;s:7:"message";s:71:"User with same Email already exists. Email: janholstoldenburg@gmail.com";s:6:"status";b:0;s:7:"post_id";s:0:"";}
a:4:{s:3:"row";i:28;s:7:"message";s:66:"User with same Email already exists. Email: Jochen.nibbe@gmail.com";s:6:"status";b:0;s:7:"post_id";s:0:"";}
a:4:{s:3:"row";i:29;s:7:"message";s:65:"User with same Email already exists. Email: joerglenhardt@aol.com";s:6:"status";b:0;s:7:"post_id";s:0:"";}
a:4:{s:3:"row";i:30;s:7:"message";s:70:"User with same Email already exists. Email: hofladen@hinterbauerhof.de";s:6:"status";b:0;s:7:"post_id";s:0:"";}
a:4:{s:3:"row";i:31;s:7:"message";s:63:"User with same Email already exists. Email: jutta.herzog@gmx.de";s:6:"status";b:0;s:7:"post_id";s:0:"";}
a:4:{s:3:"row";i:32;s:7:"message";s:64:"User with same Email already exists. Email: karincoe26@gmail.com";s:6:"status";b:0;s:7:"post_id";s:0:"";}
a:4:{s:3:"row";i:33;s:7:"message";s:68:"User with same Email already exists. Email: info@bauernhof-selzer.de";s:6:"status";b:0;s:7:"post_id";s:0:"";}
a:4:{s:3:"row";i:34;s:7:"message";s:63:"User with same Email already exists. Email: katja@mama-mutzi.de";s:6:"status";b:0;s:7:"post_id";s:0:"";}
a:4:{s:3:"row";i:35;s:7:"message";s:74:"User with same Email already exists. Email: knobloch.heilbronn@t-online.de";s:6:"status";b:0;s:7:"post_id";s:0:"";}
a:4:{s:3:"row";i:36;s:7:"message";s:65:"User with same Email already exists. Email: info@cookintheboxx.de";s:6:"status";b:0;s:7:"post_id";s:0:"";}
a:4:{s:3:"row";i:37;s:7:"message";s:62:"User with same Email already exists. Email: info@dorn-stein.de";s:6:"status";b:0;s:7:"post_id";s:0:"";}
a:4:{s:3:"row";i:38;s:7:"message";s:73:"User with same Email already exists. Email: michael.brand2@rewe-group.com";s:6:"status";b:0;s:7:"post_id";s:0:"";}
a:4:{s:3:"row";i:39;s:7:"message";s:72:"User with same Email already exists. Email: lottes-feinkostlaedle@gmx.de";s:6:"status";b:0;s:7:"post_id";s:0:"";}
a:4:{s:3:"row";i:40;s:7:"message";s:65:"User with same Email already exists. Email: info@winefactory.shop";s:6:"status";b:0;s:7:"post_id";s:0:"";}
a:4:{s:3:"row";i:41;s:7:"message";s:61:"User with same Email already exists. Email: info@walz-wein.de";s:6:"status";b:0;s:7:"post_id";s:0:"";}
a:4:{s:3:"row";i:42;s:7:"message";s:71:"User with same Email already exists. Email: martin-loehlein@t-online.de";s:6:"status";b:0;s:7:"post_id";s:0:"";}
a:4:{s:3:"row";i:43;s:7:"message";s:69:"User with same Email already exists. Email: info@feinkost-pohlmann.de";s:6:"status";b:0;s:7:"post_id";s:0:"";}
a:4:{s:3:"row";i:44;s:7:"message";s:62:"User with same Email already exists. Email: Markuswoehl@web.de";s:6:"status";b:0;s:7:"post_id";s:0:"";}
a:4:{s:3:"row";i:45;s:7:"message";s:73:"User with same Email already exists. Email: nicolesteinberger14@gmail.com";s:6:"status";b:0;s:7:"post_id";s:0:"";}
a:4:{s:3:"row";i:46;s:7:"message";s:67:"User with same Email already exists. Email: feinkost-ahrend@mail.de";s:6:"status";b:0;s:7:"post_id";s:0:"";}
a:4:{s:3:"row";i:47;s:7:"message";s:76:"User with same Email already exists. Email: klubert@gemuese-schmiedelberg.de";s:6:"status";b:0;s:7:"post_id";s:0:"";}
a:4:{s:3:"row";i:48;s:7:"message";s:61:"User with same Email already exists. Email: info@bohrerhof.de";s:6:"status";b:0;s:7:"post_id";s:0:"";}
a:4:{s:3:"row";i:49;s:7:"message";s:68:"User with same Email already exists. Email: piahimmelmann@freenet.de";s:6:"status";b:0;s:7:"post_id";s:0:"";}
a:4:{s:3:"row";i:50;s:7:"message";s:69:"User with same Email already exists. Email: hof-erbenheim@t-online.de";s:6:"status";b:0;s:7:"post_id";s:0:"";}
a:4:{s:3:"row";i:51;s:7:"message";s:63:"User with same Email already exists. Email: seidlromy@gmail.com";s:6:"status";b:0;s:7:"post_id";s:0:"";}
a:4:{s:3:"row";i:52;s:7:"message";s:64:"User with same Email already exists. Email: info@hofgut-stahl.de";s:6:"status";b:0;s:7:"post_id";s:0:"";}
a:4:{s:3:"row";i:53;s:7:"message";s:71:"User with same Email already exists. Email: gemuesebau-koch@t-online.de";s:6:"status";b:0;s:7:"post_id";s:0:"";}
a:4:{s:3:"row";i:54;s:7:"message";s:72:"User with same Email already exists. Email: hofladenerlenhof@t-online.de";s:6:"status";b:0;s:7:"post_id";s:0:"";}
a:4:{s:3:"row";i:55;s:7:"message";s:72:"User with same Email already exists. Email: info@hocks-feinundkostbar.de";s:6:"status";b:0;s:7:"post_id";s:0:"";}
a:4:{s:3:"row";i:56;s:7:"message";s:74:"User with same Email already exists. Email: info@kemmler-friedrichshall.de";s:6:"status";b:0;s:7:"post_id";s:0:"";}
a:4:{s:3:"row";i:57;s:7:"message";s:62:"User with same Email already exists. Email: info@leckerwein.de";s:6:"status";b:0;s:7:"post_id";s:0:"";}
a:4:{s:3:"row";i:58;s:7:"message";s:70:"User with same Email already exists. Email: info@wildberghof-buchet.de";s:6:"status";b:0;s:7:"post_id";s:0:"";}
a:4:{s:3:"row";i:59;s:7:"message";s:73:"User with same Email already exists. Email: tobias.vetter@student.hswt.de";s:6:"status";b:0;s:7:"post_id";s:0:"";}
a:4:{s:3:"row";i:60;s:7:"message";s:72:"User with same Email already exists. Email: info@vogelsanger-hofladen.de";s:6:"status";b:0;s:7:"post_id";s:0:"";}
a:4:{s:3:"row";i:61;s:7:"message";s:70:"User with same Email already exists. Email: blumen-schoetz@t-online.de";s:6:"status";b:0;s:7:"post_id";s:0:"";}
a:4:{s:3:"row";i:62;s:7:"message";s:68:"User with same Email already exists. Email: v.kohlhauf@lanserhof.com";s:6:"status";b:0;s:7:"post_id";s:0:"";}
a:4:{s:3:"row";i:63;s:7:"message";s:67:"User with same Email already exists. Email: info@perfect-camping.de";s:6:"status";b:0;s:7:"post_id";s:0:"";}
a:4:{s:3:"row";i:64;s:7:"message";s:31:">  skipped: Email is not valid.";s:6:"status";b:0;s:7:"post_id";s:0:"";}
a:4:{s:3:"row";i:65;s:7:"message";s:76:"User with same Email already exists. Email: accounting@goldhahnundsampson.de";s:6:"status";b:0;s:7:"post_id";s:0:"";}
a:4:{s:3:"row";i:66;s:7:"message";s:64:"User with same Email already exists. Email: info@boxenstopp.shop";s:6:"status";b:0;s:7:"post_id";s:0:"";}
a:4:{s:3:"row";i:67;s:7:"message";s:68:"User with same Email already exists. Email: info@mimis-beilngries.de";s:6:"status";b:0;s:7:"post_id";s:0:"";}
a:4:{s:3:"row";i:68;s:7:"message";s:68:"User with same Email already exists. Email: saftladen-barthel@gmx.de";s:6:"status";b:0;s:7:"post_id";s:0:"";}
a:4:{s:3:"row";i:69;s:7:"message";s:66:"User with same Email already exists. Email: info@imkerei-keidel.de";s:6:"status";b:0;s:7:"post_id";s:0:"";}
a:4:{s:3:"row";i:70;s:7:"message";s:75:"User with same Email already exists. Email: andrea@hofstetter-nandlstadt.de";s:6:"status";b:0;s:7:"post_id";s:0:"";}
a:4:{s:3:"row";i:71;s:7:"message";s:56:"User with same Email already exists. Email: bk779@web.de";s:6:"status";b:0;s:7:"post_id";s:0:"";}
a:4:{s:3:"row";i:72;s:7:"message";s:65:"User with same Email already exists. Email: info@probsthof-paf.de";s:6:"status";b:0;s:7:"post_id";s:0:"";}
a:4:{s:3:"row";i:73;s:7:"message";s:76:"User with same Email already exists. Email: kontakt@naturhof-sackenreuter.de";s:6:"status";b:0;s:7:"post_id";s:0:"";}
a:4:{s:3:"row";i:74;s:7:"message";s:67:"User with same Email already exists. Email: dorfladen@marktzeuln.de";s:6:"status";b:0;s:7:"post_id";s:0:"";}
a:4:{s:3:"row";i:75;s:7:"message";s:69:"User with same Email already exists. Email: baeckerei.wittmann@gmx.de";s:6:"status";b:0;s:7:"post_id";s:0:"";}
a:4:{s:3:"row";i:76;s:7:"message";s:59:"User with same Email already exists. Email: anton-l@gmx.net";s:6:"status";b:0;s:7:"post_id";s:0:"";}
a:4:{s:3:"row";i:77;s:7:"message";s:71:"User with same Email already exists. Email: info@dorfladen-eisenheim.de";s:6:"status";b:0;s:7:"post_id";s:0:"";}
a:4:{s:3:"row";i:78;s:7:"message";s:68:"User with same Email already exists. Email: d.braunmiller71@mein.gmx";s:6:"status";b:0;s:7:"post_id";s:0:"";}
a:4:{s:3:"row";i:79;s:7:"message";s:62:"User with same Email already exists. Email: DerHofladen@gmx.de";s:6:"status";b:0;s:7:"post_id";s:0:"";}
a:4:{s:3:"row";i:80;s:7:"message";s:66:"User with same Email already exists. Email: info@giertensmuehle.de";s:6:"status";b:0;s:7:"post_id";s:0:"";}
a:4:{s:3:"row";i:81;s:7:"message";s:67:"User with same Email already exists. Email: felix.bense@gudgoods.de";s:6:"status";b:0;s:7:"post_id";s:0:"";}
a:4:{s:3:"row";i:82;s:7:"message";s:67:"User with same Email already exists. Email: robinschneider99@gmx.de";s:6:"status";b:0;s:7:"post_id";s:0:"";}
a:4:{s:3:"row";i:83;s:7:"message";s:65:"User with same Email already exists. Email: info@endress-markt.de";s:6:"status";b:0;s:7:"post_id";s:0:"";}
a:4:{s:3:"row";i:84;s:7:"message";s:59:"User with same Email already exists. Email: st@neuehoefe.de";s:6:"status";b:0;s:7:"post_id";s:0:"";}
a:4:{s:3:"row";i:85;s:7:"message";s:67:"User with same Email already exists. Email: info@bells-genusshof.de";s:6:"status";b:0;s:7:"post_id";s:0:"";}
a:4:{s:3:"row";i:86;s:7:"message";s:68:"User with same Email already exists. Email: mayr.hofheim@t-online.de";s:6:"status";b:0;s:7:"post_id";s:0:"";}
a:4:{s:3:"row";i:87;s:7:"message";s:73:"User with same Email already exists. Email: Die-Oase-Buchschwabach@web.de";s:6:"status";b:0;s:7:"post_id";s:0:"";}
a:4:{s:3:"row";i:88;s:7:"message";s:62:"User with same Email already exists. Email: daniela@obstfee.de";s:6:"status";b:0;s:7:"post_id";s:0:"";}
a:4:{s:3:"row";i:89;s:7:"message";s:69:"User with same Email already exists. Email: info@weingut-froehlich.de";s:6:"status";b:0;s:7:"post_id";s:0:"";}
