a:4:{s:3:"row";i:1;s:7:"message";s:27:"User imported successfully.";s:6:"status";b:1;s:7:"post_id";i:787;}
a:4:{s:3:"row";i:2;s:7:"message";s:79:"User with same Email already exists. Email: landwirtschaft-schreyer@t-online.de";s:6:"status";b:0;s:7:"post_id";s:0:"";}
a:4:{s:3:"row";i:3;s:7:"message";s:65:"User with same Email already exists. Email: info@zwingel-milch.de";s:6:"status";b:0;s:7:"post_id";s:0:"";}
a:4:{s:3:"row";i:4;s:7:"message";s:61:"User with same Email already exists. Email: info@tiekings.net";s:6:"status";b:0;s:7:"post_id";s:0:"";}
a:4:{s:3:"row";i:5;s:7:"message";s:72:"User with same Email already exists. Email: einkauf@confiserie-dengel.de";s:6:"status";b:0;s:7:"post_id";s:0:"";}
a:4:{s:3:"row";i:6;s:7:"message";s:79:"User with same Email already exists. Email: angelika.feuerbacher@googlemail.com";s:6:"status";b:0;s:7:"post_id";s:0:"";}
a:4:{s:3:"row";i:7;s:7:"message";s:67:"User with same Email already exists. Email: biohof-henninger@gmx.de";s:6:"status";b:0;s:7:"post_id";s:0:"";}
a:4:{s:3:"row";i:8;s:7:"message";s:75:"User with same Email already exists. Email: kontakt@lindermeir-hofgockel.de";s:6:"status";b:0;s:7:"post_id";s:0:"";}
a:4:{s:3:"row";i:9;s:7:"message";s:64:"User with same Email already exists. Email: glasl-familie@web.de";s:6:"status";b:0;s:7:"post_id";s:0:"";}
a:4:{s:3:"row";i:10;s:7:"message";s:63:"User with same Email already exists. Email: lenabetz@icloud.com";s:6:"status";b:0;s:7:"post_id";s:0:"";}
a:4:{s:3:"row";i:11;s:7:"message";s:67:"User with same Email already exists. Email: michael.merz@hotmail.de";s:6:"status";b:0;s:7:"post_id";s:0:"";}
a:4:{s:3:"row";i:12;s:7:"message";s:71:"User with same Email already exists. Email: kathrin.herbrich@soldan.com";s:6:"status";b:0;s:7:"post_id";s:0:"";}
a:4:{s:3:"row";i:13;s:7:"message";s:62:"User with same Email already exists. Email: summererhof@gmx.de";s:6:"status";b:0;s:7:"post_id";s:0:"";}
a:4:{s:3:"row";i:14;s:7:"message";s:65:"User with same Email already exists. Email: gerlindegrassl@web.de";s:6:"status";b:0;s:7:"post_id";s:0:"";}
a:4:{s:3:"row";i:15;s:7:"message";s:27:"User imported successfully.";s:6:"status";b:1;s:7:"post_id";i:788;}
a:4:{s:3:"row";i:16;s:7:"message";s:27:"User imported successfully.";s:6:"status";b:1;s:7:"post_id";i:789;}
a:4:{s:3:"row";i:17;s:7:"message";s:27:"User imported successfully.";s:6:"status";b:1;s:7:"post_id";i:790;}
a:4:{s:3:"row";i:18;s:7:"message";s:27:"User imported successfully.";s:6:"status";b:1;s:7:"post_id";i:791;}
a:4:{s:3:"row";i:19;s:7:"message";s:27:"User imported successfully.";s:6:"status";b:1;s:7:"post_id";i:792;}
a:4:{s:3:"row";i:20;s:7:"message";s:27:"User imported successfully.";s:6:"status";b:1;s:7:"post_id";i:793;}
a:4:{s:3:"row";i:21;s:7:"message";s:27:"User imported successfully.";s:6:"status";b:1;s:7:"post_id";i:794;}
a:4:{s:3:"row";i:22;s:7:"message";s:27:"User imported successfully.";s:6:"status";b:1;s:7:"post_id";i:795;}
a:4:{s:3:"row";i:23;s:7:"message";s:74:"User with same Email already exists. Email: info@hartmann-weideschweine.de";s:6:"status";b:0;s:7:"post_id";s:0:"";}
a:4:{s:3:"row";i:24;s:7:"message";s:27:"User imported successfully.";s:6:"status";b:1;s:7:"post_id";i:796;}
a:4:{s:3:"row";i:25;s:7:"message";s:27:"User imported successfully.";s:6:"status";b:1;s:7:"post_id";i:797;}
a:4:{s:3:"row";i:26;s:7:"message";s:72:"User with same Email already exists. Email: mayers-backstube@t-online.de";s:6:"status";b:0;s:7:"post_id";s:0:"";}
a:4:{s:3:"row";i:27;s:7:"message";s:27:"User imported successfully.";s:6:"status";b:1;s:7:"post_id";i:798;}
a:4:{s:3:"row";i:28;s:7:"message";s:72:"User with same Email already exists. Email: lenasfrankenkoerbchen@web.de";s:6:"status";b:0;s:7:"post_id";s:0:"";}
a:4:{s:3:"row";i:29;s:7:"message";s:71:"User with same Email already exists. Email: info@zapfpunkt-neubeuern.de";s:6:"status";b:0;s:7:"post_id";s:0:"";}
a:4:{s:3:"row";i:30;s:7:"message";s:74:"User with same Email already exists. Email: info@hartmann-weideschweine.de";s:6:"status";b:0;s:7:"post_id";s:0:"";}
a:4:{s:3:"row";i:31;s:7:"message";s:27:"User imported successfully.";s:6:"status";b:1;s:7:"post_id";i:799;}
a:4:{s:3:"row";i:32;s:7:"message";s:27:"User imported successfully.";s:6:"status";b:1;s:7:"post_id";i:800;}
a:4:{s:3:"row";i:33;s:7:"message";s:27:"User imported successfully.";s:6:"status";b:1;s:7:"post_id";i:801;}
a:4:{s:3:"row";i:34;s:7:"message";s:27:"User imported successfully.";s:6:"status";b:1;s:7:"post_id";i:802;}
a:4:{s:3:"row";i:35;s:7:"message";s:69:"User with same Email already exists. Email: info@lueske-frischehof.de";s:6:"status";b:0;s:7:"post_id";s:0:"";}
a:4:{s:3:"row";i:36;s:7:"message";s:64:"User with same Email already exists. Email: lukas-lautner@gmx.de";s:6:"status";b:0;s:7:"post_id";s:0:"";}
a:4:{s:3:"row";i:37;s:7:"message";s:68:"User with same Email already exists. Email: sauladen@zwergbachhof.de";s:6:"status";b:0;s:7:"post_id";s:0:"";}
a:4:{s:3:"row";i:38;s:7:"message";s:44:"> skipped: cannot insert user without email.";s:6:"status";b:0;s:7:"post_id";s:0:"";}
a:4:{s:3:"row";i:39;s:7:"message";s:66:"User with same Email already exists. Email: info@kelterei-mertl.de";s:6:"status";b:0;s:7:"post_id";s:0:"";}
a:4:{s:3:"row";i:40;s:7:"message";s:27:"User imported successfully.";s:6:"status";b:1;s:7:"post_id";i:803;}
a:4:{s:3:"row";i:41;s:7:"message";s:27:"User imported successfully.";s:6:"status";b:1;s:7:"post_id";i:804;}
a:4:{s:3:"row";i:42;s:7:"message";s:27:"User imported successfully.";s:6:"status";b:1;s:7:"post_id";i:805;}
a:4:{s:3:"row";i:43;s:7:"message";s:27:"User imported successfully.";s:6:"status";b:1;s:7:"post_id";i:806;}
a:4:{s:3:"row";i:44;s:7:"message";s:27:"User imported successfully.";s:6:"status";b:1;s:7:"post_id";i:807;}
a:4:{s:3:"row";i:45;s:7:"message";s:27:"User imported successfully.";s:6:"status";b:1;s:7:"post_id";i:808;}
a:4:{s:3:"row";i:46;s:7:"message";s:44:"> skipped: cannot insert user without email.";s:6:"status";b:0;s:7:"post_id";s:0:"";}
a:4:{s:3:"row";i:47;s:7:"message";s:27:"User imported successfully.";s:6:"status";b:1;s:7:"post_id";i:809;}
a:4:{s:3:"row";i:48;s:7:"message";s:27:"User imported successfully.";s:6:"status";b:1;s:7:"post_id";i:810;}
a:4:{s:3:"row";i:49;s:7:"message";s:65:"User with same Email already exists. Email: KGB-Markt@t-online.de";s:6:"status";b:0;s:7:"post_id";s:0:"";}
a:4:{s:3:"row";i:50;s:7:"message";s:65:"User with same Email already exists. Email: schoen.sonja@yahoo.de";s:6:"status";b:0;s:7:"post_id";s:0:"";}
a:4:{s:3:"row";i:51;s:7:"message";s:66:"User with same Email already exists. Email: Info@bauernhof-kern.de";s:6:"status";b:0;s:7:"post_id";s:0:"";}
a:4:{s:3:"row";i:52;s:7:"message";s:27:"User imported successfully.";s:6:"status";b:1;s:7:"post_id";i:811;}
a:4:{s:3:"row";i:53;s:7:"message";s:27:"User imported successfully.";s:6:"status";b:1;s:7:"post_id";i:812;}
a:4:{s:3:"row";i:54;s:7:"message";s:27:"User imported successfully.";s:6:"status";b:1;s:7:"post_id";i:813;}
a:4:{s:3:"row";i:55;s:7:"message";s:69:"User with same Email already exists. Email: joergknoedler@t-online.de";s:6:"status";b:0;s:7:"post_id";s:0:"";}
a:4:{s:3:"row";i:56;s:7:"message";s:71:"User with same Email already exists. Email: Susanne@mimis-beilngries.de";s:6:"status";b:0;s:7:"post_id";s:0:"";}
a:4:{s:3:"row";i:57;s:7:"message";s:27:"User imported successfully.";s:6:"status";b:1;s:7:"post_id";i:814;}
a:4:{s:3:"row";i:58;s:7:"message";s:27:"User imported successfully.";s:6:"status";b:1;s:7:"post_id";i:815;}
a:4:{s:3:"row";i:59;s:7:"message";s:27:"User imported successfully.";s:6:"status";b:1;s:7:"post_id";i:816;}
a:4:{s:3:"row";i:60;s:7:"message";s:66:"User with same Email already exists. Email: Thomas.Sedlmayr@web.de";s:6:"status";b:0;s:7:"post_id";s:0:"";}
a:4:{s:3:"row";i:61;s:7:"message";s:73:"User with same Email already exists. Email: frass@hofladen-querfeldein.de";s:6:"status";b:0;s:7:"post_id";s:0:"";}
a:4:{s:3:"row";i:62;s:7:"message";s:76:"User with same Email already exists. Email: Fischerbinkowskyramona@gmail.com";s:6:"status";b:0;s:7:"post_id";s:0:"";}
a:4:{s:3:"row";i:63;s:7:"message";s:72:"User with same Email already exists. Email: haas-rosengarten@t-online.de";s:6:"status";b:0;s:7:"post_id";s:0:"";}
a:4:{s:3:"row";i:64;s:7:"message";s:27:"User imported successfully.";s:6:"status";b:1;s:7:"post_id";i:817;}
a:4:{s:3:"row";i:65;s:7:"message";s:63:"User with same Email already exists. Email: ballmannshof@gmx.de";s:6:"status";b:0;s:7:"post_id";s:0:"";}
a:4:{s:3:"row";i:66;s:7:"message";s:27:"User imported successfully.";s:6:"status";b:1;s:7:"post_id";i:818;}
a:4:{s:3:"row";i:67;s:7:"message";s:27:"User imported successfully.";s:6:"status";b:1;s:7:"post_id";i:819;}
a:4:{s:3:"row";i:68;s:7:"message";s:69:"User with same Email already exists. Email: obstbau-graeb@t-online.de";s:6:"status";b:0;s:7:"post_id";s:0:"";}
a:4:{s:3:"row";i:69;s:7:"message";s:65:"User with same Email already exists. Email: info@eierfaerberei.de";s:6:"status";b:0;s:7:"post_id";s:0:"";}
a:4:{s:3:"row";i:70;s:7:"message";s:80:"User with same Email already exists. Email: christina.rachl@rwg-erdinger-land.de";s:6:"status";b:0;s:7:"post_id";s:0:"";}
a:4:{s:3:"row";i:71;s:7:"message";s:27:"User imported successfully.";s:6:"status";b:1;s:7:"post_id";i:820;}
a:4:{s:3:"row";i:72;s:7:"message";s:70:"User with same Email already exists. Email: martin.foell@eier-foell.de";s:6:"status";b:0;s:7:"post_id";s:0:"";}
a:4:{s:3:"row";i:73;s:7:"message";s:27:"User imported successfully.";s:6:"status";b:1;s:7:"post_id";i:821;}
a:4:{s:3:"row";i:74;s:7:"message";s:27:"User imported successfully.";s:6:"status";b:1;s:7:"post_id";i:822;}
a:4:{s:3:"row";i:75;s:7:"message";s:27:"User imported successfully.";s:6:"status";b:1;s:7:"post_id";i:823;}
a:4:{s:3:"row";i:76;s:7:"message";s:27:"User imported successfully.";s:6:"status";b:1;s:7:"post_id";i:824;}
a:4:{s:3:"row";i:77;s:7:"message";s:66:"User with same Email already exists. Email: johanna.kalcher@web.de";s:6:"status";b:0;s:7:"post_id";s:0:"";}
a:4:{s:3:"row";i:78;s:7:"message";s:27:"User imported successfully.";s:6:"status";b:1;s:7:"post_id";i:825;}
a:4:{s:3:"row";i:79;s:7:"message";s:66:"User with same Email already exists. Email: info@stadthofladen.com";s:6:"status";b:0;s:7:"post_id";s:0:"";}
