a:4:{s:3:"row";i:1;s:7:"message";s:63:"User with same Email already exists. Email: julia_giehrl@web.de";s:6:"status";b:0;s:7:"post_id";s:0:"";}
a:4:{s:3:"row";i:2;s:7:"message";s:68:"User with same Email already exists. Email: franz.feicht@t-online.de";s:6:"status";b:0;s:7:"post_id";s:0:"";}
a:4:{s:3:"row";i:3;s:7:"message";s:69:"User with same Email already exists. Email: info@gassners-hofladen.de";s:6:"status";b:0;s:7:"post_id";s:0:"";}
a:4:{s:3:"row";i:4;s:7:"message";s:63:"User with same Email already exists. Email: strasser-hof@web.de";s:6:"status";b:0;s:7:"post_id";s:0:"";}
a:4:{s:3:"row";i:5;s:7:"message";s:61:"User with same Email already exists. Email: info@tiekings.net";s:6:"status";b:0;s:7:"post_id";s:0:"";}
a:4:{s:3:"row";i:6;s:7:"message";s:67:"User with same Email already exists. Email: michael.merz@hotmail.de";s:6:"status";b:0;s:7:"post_id";s:0:"";}
a:4:{s:3:"row";i:7;s:7:"message";s:62:"User with same Email already exists. Email: summererhof@gmx.de";s:6:"status";b:0;s:7:"post_id";s:0:"";}
a:4:{s:3:"row";i:8;s:7:"message";s:74:"User with same Email already exists. Email: info@hartmann-weideschweine.de";s:6:"status";b:0;s:7:"post_id";s:0:"";}
a:4:{s:3:"row";i:9;s:7:"message";s:72:"User with same Email already exists. Email: mayers-backstube@t-online.de";s:6:"status";b:0;s:7:"post_id";s:0:"";}
a:4:{s:3:"row";i:10;s:7:"message";s:71:"User with same Email already exists. Email: info@zapfpunkt-neubeuern.de";s:6:"status";b:0;s:7:"post_id";s:0:"";}
a:4:{s:3:"row";i:11;s:7:"message";s:74:"User with same Email already exists. Email: info@hartmann-weideschweine.de";s:6:"status";b:0;s:7:"post_id";s:0:"";}
a:4:{s:3:"row";i:12;s:7:"message";s:67:"User with same Email already exists. Email: siggideisenhofer@gmx.de";s:6:"status";b:0;s:7:"post_id";s:0:"";}
a:4:{s:3:"row";i:13;s:7:"message";s:62:"User with same Email already exists. Email: miller.info@gmx.de";s:6:"status";b:0;s:7:"post_id";s:0:"";}
a:4:{s:3:"row";i:14;s:7:"message";s:68:"User with same Email already exists. Email: kontakt@hofladen-wolf.de";s:6:"status";b:0;s:7:"post_id";s:0:"";}
a:4:{s:3:"row";i:15;s:7:"message";s:67:"User with same Email already exists. Email: info@genuss-vom-land.de";s:6:"status";b:0;s:7:"post_id";s:0:"";}
a:4:{s:3:"row";i:16;s:7:"message";s:62:"User with same Email already exists. Email: Foodvariete@gmx.de";s:6:"status";b:0;s:7:"post_id";s:0:"";}
a:4:{s:3:"row";i:17;s:7:"message";s:67:"User with same Email already exists. Email: schaerfl.richard@gmx.de";s:6:"status";b:0;s:7:"post_id";s:0:"";}
a:4:{s:3:"row";i:18;s:7:"message";s:62:"User with same Email already exists. Email: info@steindlhof.de";s:6:"status";b:0;s:7:"post_id";s:0:"";}
a:4:{s:3:"row";i:19;s:7:"message";s:68:"User with same Email already exists. Email: info@feldgemuesehiebl.de";s:6:"status";b:0;s:7:"post_id";s:0:"";}
a:4:{s:3:"row";i:20;s:7:"message";s:67:"User with same Email already exists. Email: ch.mittermueller@gmx.de";s:6:"status";b:0;s:7:"post_id";s:0:"";}
a:4:{s:3:"row";i:21;s:7:"message";s:66:"User with same Email already exists. Email: isartal.obst@gmail.com";s:6:"status";b:0;s:7:"post_id";s:0:"";}
a:4:{s:3:"row";i:22;s:7:"message";s:71:"User with same Email already exists. Email: vr@hofladen-vohenstrauss.de";s:6:"status";b:0;s:7:"post_id";s:0:"";}
a:4:{s:3:"row";i:23;s:7:"message";s:79:"User with same Email already exists. Email: frischgemuese-wullinger@t-online.de";s:6:"status";b:0;s:7:"post_id";s:0:"";}
a:4:{s:3:"row";i:24;s:7:"message";s:70:"User with same Email already exists. Email: hoesl.perschen@t-online.de";s:6:"status";b:0;s:7:"post_id";s:0:"";}
a:4:{s:3:"row";i:25;s:7:"message";s:70:"User with same Email already exists. Email: johanneswimmer88@gmail.com";s:6:"status";b:0;s:7:"post_id";s:0:"";}
a:4:{s:3:"row";i:26;s:7:"message";s:72:"User with same Email already exists. Email: baeumler@burg-fuersteneck.de";s:6:"status";b:0;s:7:"post_id";s:0:"";}
a:4:{s:3:"row";i:27;s:7:"message";s:27:"User imported successfully.";s:6:"status";b:1;s:7:"post_id";i:628;}
a:4:{s:3:"row";i:28;s:7:"message";s:65:"User with same Email already exists. Email: info@rhoenerlebnis.de";s:6:"status";b:0;s:7:"post_id";s:0:"";}
a:4:{s:3:"row";i:29;s:7:"message";s:71:"User with same Email already exists. Email: johannes@pfefferundfrost.de";s:6:"status";b:0;s:7:"post_id";s:0:"";}
a:4:{s:3:"row";i:30;s:7:"message";s:71:"User with same Email already exists. Email: kathrin.herbrich@soldan.com";s:6:"status";b:0;s:7:"post_id";s:0:"";}
a:4:{s:3:"row";i:31;s:7:"message";s:65:"User with same Email already exists. Email: dekramerin@outlook.de";s:6:"status";b:0;s:7:"post_id";s:0:"";}
a:4:{s:3:"row";i:32;s:7:"message";s:73:"User with same Email already exists. Email: info@sammenheimer-weide-ei.de";s:6:"status";b:0;s:7:"post_id";s:0:"";}
a:4:{s:3:"row";i:33;s:7:"message";s:66:"User with same Email already exists. Email: bernheckertheke@web.de";s:6:"status";b:0;s:7:"post_id";s:0:"";}
a:4:{s:3:"row";i:34;s:7:"message";s:64:"User with same Email already exists. Email: kleinlein.r@arcor.de";s:6:"status";b:0;s:7:"post_id";s:0:"";}
a:4:{s:3:"row";i:35;s:7:"message";s:69:"User with same Email already exists. Email: info@hofladen-purucker.de";s:6:"status";b:0;s:7:"post_id";s:0:"";}
a:4:{s:3:"row";i:36;s:7:"message";s:64:"User with same Email already exists. Email: bauernhofeier@web.de";s:6:"status";b:0;s:7:"post_id";s:0:"";}
