a:4:{s:3:"row";i:1;s:7:"message";s:27:"User imported successfully.";s:6:"status";b:1;s:7:"post_id";i:1117;}
a:4:{s:3:"row";i:2;s:7:"message";s:60:"User with same Email already exists. Email: Info@bizzlhof.de";s:6:"status";b:0;s:7:"post_id";s:0:"";}
a:4:{s:3:"row";i:3;s:7:"message";s:27:"User imported successfully.";s:6:"status";b:1;s:7:"post_id";i:1118;}
a:4:{s:3:"row";i:4;s:7:"message";s:27:"User imported successfully.";s:6:"status";b:1;s:7:"post_id";i:1119;}
a:4:{s:3:"row";i:5;s:7:"message";s:27:"User imported successfully.";s:6:"status";b:1;s:7:"post_id";i:1120;}
a:4:{s:3:"row";i:6;s:7:"message";s:27:"User imported successfully.";s:6:"status";b:1;s:7:"post_id";i:1121;}
a:4:{s:3:"row";i:7;s:7:"message";s:27:"User imported successfully.";s:6:"status";b:1;s:7:"post_id";i:1122;}
a:4:{s:3:"row";i:8;s:7:"message";s:69:"User with same Email already exists. Email: Christine-mayr@magenta.de";s:6:"status";b:0;s:7:"post_id";s:0:"";}
a:4:{s:3:"row";i:9;s:7:"message";s:27:"User imported successfully.";s:6:"status";b:1;s:7:"post_id";i:1123;}
a:4:{s:3:"row";i:10;s:7:"message";s:71:"User with same Email already exists. Email: info@vinfothek-roedelsee.de";s:6:"status";b:0;s:7:"post_id";s:0:"";}
a:4:{s:3:"row";i:11;s:7:"message";s:72:"User with same Email already exists. Email: info@landgasthof-schwarz.com";s:6:"status";b:0;s:7:"post_id";s:0:"";}
a:4:{s:3:"row";i:12;s:7:"message";s:64:"User with same Email already exists. Email: berndstucker@aol.com";s:6:"status";b:0;s:7:"post_id";s:0:"";}
a:4:{s:3:"row";i:13;s:7:"message";s:66:"User with same Email already exists. Email: bozem-birkenhof@web.de";s:6:"status";b:0;s:7:"post_id";s:0:"";}
a:4:{s:3:"row";i:14;s:7:"message";s:65:"User with same Email already exists. Email: neumarkt@jurakistl.de";s:6:"status";b:0;s:7:"post_id";s:0:"";}
a:4:{s:3:"row";i:15;s:7:"message";s:68:"User with same Email already exists. Email: marie@maries-hofladen.de";s:6:"status";b:0;s:7:"post_id";s:0:"";}
a:4:{s:3:"row";i:16;s:7:"message";s:27:"User imported successfully.";s:6:"status";b:1;s:7:"post_id";i:1124;}
a:4:{s:3:"row";i:17;s:7:"message";s:63:"User with same Email already exists. Email: su.metz@t-online.de";s:6:"status";b:0;s:7:"post_id";s:0:"";}
a:4:{s:3:"row";i:18;s:7:"message";s:69:"User with same Email already exists. Email: georg.stemmer@t-online.de";s:6:"status";b:0;s:7:"post_id";s:0:"";}
a:4:{s:3:"row";i:19;s:7:"message";s:71:"User with same Email already exists. Email: eierhof.haeussler@gmail.com";s:6:"status";b:0;s:7:"post_id";s:0:"";}
a:4:{s:3:"row";i:20;s:7:"message";s:70:"User with same Email already exists. Email: info@gluecksgefuehle-ab.de";s:6:"status";b:0;s:7:"post_id";s:0:"";}
a:4:{s:3:"row";i:21;s:7:"message";s:27:"User imported successfully.";s:6:"status";b:1;s:7:"post_id";i:1125;}
a:4:{s:3:"row";i:22;s:7:"message";s:27:"User imported successfully.";s:6:"status";b:1;s:7:"post_id";i:1126;}
a:4:{s:3:"row";i:23;s:7:"message";s:27:"User imported successfully.";s:6:"status";b:1;s:7:"post_id";i:1127;}
a:4:{s:3:"row";i:24;s:7:"message";s:27:"User imported successfully.";s:6:"status";b:1;s:7:"post_id";i:1128;}
a:4:{s:3:"row";i:25;s:7:"message";s:27:"User imported successfully.";s:6:"status";b:1;s:7:"post_id";i:1129;}
a:4:{s:3:"row";i:26;s:7:"message";s:27:"User imported successfully.";s:6:"status";b:1;s:7:"post_id";i:1130;}
a:4:{s:3:"row";i:27;s:7:"message";s:27:"User imported successfully.";s:6:"status";b:1;s:7:"post_id";i:1131;}
a:4:{s:3:"row";i:28;s:7:"message";s:65:"User with same Email already exists. Email: info@erdbeer-ranch.de";s:6:"status";b:0;s:7:"post_id";s:0:"";}
a:4:{s:3:"row";i:29;s:7:"message";s:61:"User with same Email already exists. Email: gbr@sackerhof.com";s:6:"status";b:0;s:7:"post_id";s:0:"";}
a:4:{s:3:"row";i:30;s:7:"message";s:71:"User with same Email already exists. Email: heckelhof-doeckingen@gmx.de";s:6:"status";b:0;s:7:"post_id";s:0:"";}
a:4:{s:3:"row";i:31;s:7:"message";s:65:"User with same Email already exists. Email: feyhs-hofladen@web.de";s:6:"status";b:0;s:7:"post_id";s:0:"";}
a:4:{s:3:"row";i:32;s:7:"message";s:77:"User with same Email already exists. Email: dorfladen.geroldshausen@gmail.com";s:6:"status";b:0;s:7:"post_id";s:0:"";}
a:4:{s:3:"row";i:33;s:7:"message";s:69:"User with same Email already exists. Email: info@weinhaus-ruthardt.de";s:6:"status";b:0;s:7:"post_id";s:0:"";}
a:4:{s:3:"row";i:34;s:7:"message";s:69:"User with same Email already exists. Email: info@biohof-stroehlein.de";s:6:"status";b:0;s:7:"post_id";s:0:"";}
a:4:{s:3:"row";i:35;s:7:"message";s:63:"User with same Email already exists. Email: info@handgewerke.de";s:6:"status";b:0;s:7:"post_id";s:0:"";}
a:4:{s:3:"row";i:36;s:7:"message";s:27:"User imported successfully.";s:6:"status";b:1;s:7:"post_id";i:1132;}
a:4:{s:3:"row";i:37;s:7:"message";s:27:"User imported successfully.";s:6:"status";b:1;s:7:"post_id";i:1133;}
a:4:{s:3:"row";i:38;s:7:"message";s:27:"User imported successfully.";s:6:"status";b:1;s:7:"post_id";i:1134;}
a:4:{s:3:"row";i:39;s:7:"message";s:27:"User imported successfully.";s:6:"status";b:1;s:7:"post_id";i:1135;}
a:4:{s:3:"row";i:40;s:7:"message";s:27:"User imported successfully.";s:6:"status";b:1;s:7:"post_id";i:1136;}
a:4:{s:3:"row";i:41;s:7:"message";s:27:"User imported successfully.";s:6:"status";b:1;s:7:"post_id";i:1137;}
a:4:{s:3:"row";i:42;s:7:"message";s:27:"User imported successfully.";s:6:"status";b:1;s:7:"post_id";i:1138;}
a:4:{s:3:"row";i:43;s:7:"message";s:27:"User imported successfully.";s:6:"status";b:1;s:7:"post_id";i:1139;}
a:4:{s:3:"row";i:44;s:7:"message";s:27:"User imported successfully.";s:6:"status";b:1;s:7:"post_id";i:1140;}
a:4:{s:3:"row";i:45;s:7:"message";s:27:"User imported successfully.";s:6:"status";b:1;s:7:"post_id";i:1141;}
a:4:{s:3:"row";i:46;s:7:"message";s:27:"User imported successfully.";s:6:"status";b:1;s:7:"post_id";i:1142;}
a:4:{s:3:"row";i:47;s:7:"message";s:27:"User imported successfully.";s:6:"status";b:1;s:7:"post_id";i:1143;}
a:4:{s:3:"row";i:48;s:7:"message";s:27:"User imported successfully.";s:6:"status";b:1;s:7:"post_id";i:1144;}
a:4:{s:3:"row";i:49;s:7:"message";s:27:"User imported successfully.";s:6:"status";b:1;s:7:"post_id";i:1145;}
a:4:{s:3:"row";i:50;s:7:"message";s:27:"User imported successfully.";s:6:"status";b:1;s:7:"post_id";i:1146;}
a:4:{s:3:"row";i:51;s:7:"message";s:27:"User imported successfully.";s:6:"status";b:1;s:7:"post_id";i:1147;}
a:4:{s:3:"row";i:52;s:7:"message";s:27:"User imported successfully.";s:6:"status";b:1;s:7:"post_id";i:1148;}
a:4:{s:3:"row";i:53;s:7:"message";s:27:"User imported successfully.";s:6:"status";b:1;s:7:"post_id";i:1149;}
a:4:{s:3:"row";i:54;s:7:"message";s:27:"User imported successfully.";s:6:"status";b:1;s:7:"post_id";i:1150;}
a:4:{s:3:"row";i:55;s:7:"message";s:27:"User imported successfully.";s:6:"status";b:1;s:7:"post_id";i:1151;}
a:4:{s:3:"row";i:56;s:7:"message";s:31:">  skipped: Email is not valid.";s:6:"status";b:0;s:7:"post_id";s:0:"";}
a:4:{s:3:"row";i:57;s:7:"message";s:27:"User imported successfully.";s:6:"status";b:1;s:7:"post_id";i:1152;}
a:4:{s:3:"row";i:58;s:7:"message";s:27:"User imported successfully.";s:6:"status";b:1;s:7:"post_id";i:1153;}
a:4:{s:3:"row";i:59;s:7:"message";s:27:"User imported successfully.";s:6:"status";b:1;s:7:"post_id";i:1154;}
