11-24-2021 @ 14:44:54 - ---[ New import started at 2021-11-24 13:44:54 ] PHP Memory: 128 MB, WP Memory: 40 MB
11-24-2021 @ 14:44:54 - Preparing for import.
11-24-2021 @ 14:44:54 - Row :1 - Parsing item.
11-24-2021 @ 14:44:54 - > skipped: cannot insert user without email.
11-24-2021 @ 14:44:54 - Row :1 - Parsing failed. Reason: > skipped: cannot insert user without email.
11-24-2021 @ 14:44:54 - Row :2 - Parsing item.
11-24-2021 @ 14:44:54 - > skipped: cannot insert user without email.
11-24-2021 @ 14:44:54 - Row :2 - Parsing failed. Reason: > skipped: cannot insert user without email.
11-24-2021 @ 14:44:54 - Row :3 - Parsing item.
11-24-2021 @ 14:44:54 - > skipped: cannot insert user without email.
11-24-2021 @ 14:44:54 - Row :3 - Parsing failed. Reason: > skipped: cannot insert user without email.
11-24-2021 @ 14:44:54 - Row :4 - Parsing item.
11-24-2021 @ 14:44:54 - > skipped: cannot insert user without email.
11-24-2021 @ 14:44:54 - Row :4 - Parsing failed. Reason: > skipped: cannot insert user without email.
11-24-2021 @ 14:44:54 - Row :5 - Parsing item.
11-24-2021 @ 14:44:54 - > skipped: cannot insert user without email.
11-24-2021 @ 14:44:54 - Row :5 - Parsing failed. Reason: > skipped: cannot insert user without email.
11-24-2021 @ 14:44:54 - Row :6 - Parsing item.
11-24-2021 @ 14:44:54 - > skipped: cannot insert user without email.
11-24-2021 @ 14:44:54 - Row :6 - Parsing failed. Reason: > skipped: cannot insert user without email.
11-24-2021 @ 14:44:54 - Row :7 - Parsing item.
11-24-2021 @ 14:44:54 - > skipped: cannot insert user without email.
11-24-2021 @ 14:44:54 - Row :7 - Parsing failed. Reason: > skipped: cannot insert user without email.
11-24-2021 @ 14:44:54 - Row :8 - Parsing item.
11-24-2021 @ 14:44:54 - > skipped: cannot insert user without email.
11-24-2021 @ 14:44:54 - Row :8 - Parsing failed. Reason: > skipped: cannot insert user without email.
11-24-2021 @ 14:44:54 - Row :9 - Parsing item.
11-24-2021 @ 14:44:54 - > skipped: cannot insert user without email.
11-24-2021 @ 14:44:54 - Row :9 - Parsing failed. Reason: > skipped: cannot insert user without email.
11-24-2021 @ 14:44:54 - Row :10 - Parsing item.
11-24-2021 @ 14:44:54 - > skipped: cannot insert user without email.
11-24-2021 @ 14:44:54 - Row :10 - Parsing failed. Reason: > skipped: cannot insert user without email.
11-24-2021 @ 14:44:54 - Row :11 - Parsing item.
11-24-2021 @ 14:44:54 - > skipped: cannot insert user without email.
11-24-2021 @ 14:44:54 - Row :11 - Parsing failed. Reason: > skipped: cannot insert user without email.
11-24-2021 @ 14:44:54 - Row :12 - Parsing item.
11-24-2021 @ 14:44:54 - > skipped: cannot insert user without email.
11-24-2021 @ 14:44:54 - Row :12 - Parsing failed. Reason: > skipped: cannot insert user without email.
11-24-2021 @ 14:44:54 - Row :13 - Parsing item.
11-24-2021 @ 14:44:54 - > skipped: cannot insert user without email.
11-24-2021 @ 14:44:54 - Row :13 - Parsing failed. Reason: > skipped: cannot insert user without email.
11-24-2021 @ 14:44:54 - Row :14 - Parsing item.
11-24-2021 @ 14:44:54 - > skipped: cannot insert user without email.
11-24-2021 @ 14:44:54 - Row :14 - Parsing failed. Reason: > skipped: cannot insert user without email.
11-24-2021 @ 14:44:54 - Row :15 - Parsing item.
11-24-2021 @ 14:44:54 - > skipped: cannot insert user without email.
11-24-2021 @ 14:44:54 - Row :15 - Parsing failed. Reason: > skipped: cannot insert user without email.
11-24-2021 @ 14:44:54 - Row :16 - Parsing item.
11-24-2021 @ 14:44:54 - > skipped: cannot insert user without email.
11-24-2021 @ 14:44:54 - Row :16 - Parsing failed. Reason: > skipped: cannot insert user without email.
11-24-2021 @ 14:44:54 - Row :17 - Parsing item.
11-24-2021 @ 14:44:54 - > skipped: cannot insert user without email.
11-24-2021 @ 14:44:54 - Row :17 - Parsing failed. Reason: > skipped: cannot insert user without email.
11-24-2021 @ 14:44:54 - Row :18 - Parsing item.
11-24-2021 @ 14:44:54 - > skipped: cannot insert user without email.
11-24-2021 @ 14:44:54 - Row :18 - Parsing failed. Reason: > skipped: cannot insert user without email.
11-24-2021 @ 14:44:54 - ---[ Import ended at 2021-11-24 13:44:54]---
