11-24-2021 @ 15:00:00 - ---[ New import started at 2021-11-24 14:00:00 ] PHP Memory: 128 MB, WP Memory: 40 MB
11-24-2021 @ 15:00:00 - Preparing for import.
11-24-2021 @ 15:00:00 - Row :1 - Parsing item.
11-24-2021 @ 15:00:00 - Row :1 - Processing item.
11-24-2021 @ 15:00:00 - Processing users.
11-24-2021 @ 15:00:01 - > &#8220;174&#8221;User imported successfully. ID:174
11-24-2021 @ 15:00:01 - > Finished importing user 174
11-24-2021 @ 15:00:01 - Row :1 - User imported successfully.
11-24-2021 @ 15:00:01 - Row :2 - Parsing item.
11-24-2021 @ 15:00:01 - Row :2 - Parsing failed. Reason: User with same Email already exists. Email: kuebert_kartoffelhof@web.de
11-24-2021 @ 15:00:01 - Row :3 - Parsing item.
11-24-2021 @ 15:00:01 - Row :3 - Parsing failed. Reason: User with same Email already exists. Email: info@biohof-familie-dengel.de
11-24-2021 @ 15:00:01 - Row :4 - Parsing item.
11-24-2021 @ 15:00:01 - Row :4 - Processing item.
11-24-2021 @ 15:00:01 - Processing users.
11-24-2021 @ 15:00:01 - > &#8220;175&#8221;User imported successfully. ID:175
11-24-2021 @ 15:00:01 - > Finished importing user 175
11-24-2021 @ 15:00:01 - Row :4 - User imported successfully.
11-24-2021 @ 15:00:01 - Row :5 - Parsing item.
11-24-2021 @ 15:00:01 - Row :5 - Processing item.
11-24-2021 @ 15:00:01 - Processing users.
11-24-2021 @ 15:00:01 - > &#8220;176&#8221;User imported successfully. ID:176
11-24-2021 @ 15:00:01 - > Finished importing user 176
11-24-2021 @ 15:00:01 - Row :5 - User imported successfully.
11-24-2021 @ 15:00:01 - Row :6 - Parsing item.
11-24-2021 @ 15:00:01 - Row :6 - Processing item.
11-24-2021 @ 15:00:01 - Processing users.
11-24-2021 @ 15:00:01 - > &#8220;177&#8221;User imported successfully. ID:177
11-24-2021 @ 15:00:01 - > Finished importing user 177
11-24-2021 @ 15:00:01 - Row :6 - User imported successfully.
11-24-2021 @ 15:00:01 - Row :7 - Parsing item.
11-24-2021 @ 15:00:01 - Row :7 - Processing item.
11-24-2021 @ 15:00:01 - Processing users.
11-24-2021 @ 15:00:01 - > &#8220;178&#8221;User imported successfully. ID:178
11-24-2021 @ 15:00:01 - > Finished importing user 178
11-24-2021 @ 15:00:01 - Row :7 - User imported successfully.
11-24-2021 @ 15:00:01 - Row :8 - Parsing item.
11-24-2021 @ 15:00:01 - Row :8 - Processing item.
11-24-2021 @ 15:00:01 - Processing users.
11-24-2021 @ 15:00:02 - > &#8220;179&#8221;User imported successfully. ID:179
11-24-2021 @ 15:00:02 - > Finished importing user 179
11-24-2021 @ 15:00:02 - Row :8 - User imported successfully.
11-24-2021 @ 15:00:02 - Row :9 - Parsing item.
11-24-2021 @ 15:00:02 - Row :9 - Processing item.
11-24-2021 @ 15:00:02 - Processing users.
11-24-2021 @ 15:00:02 - > &#8220;180&#8221;User imported successfully. ID:180
11-24-2021 @ 15:00:02 - > Finished importing user 180
11-24-2021 @ 15:00:02 - Row :9 - User imported successfully.
11-24-2021 @ 15:00:02 - Row :10 - Parsing item.
11-24-2021 @ 15:00:02 - Row :10 - Processing item.
11-24-2021 @ 15:00:02 - Processing users.
11-24-2021 @ 15:00:02 - > &#8220;181&#8221;User imported successfully. ID:181
11-24-2021 @ 15:00:02 - > Finished importing user 181
11-24-2021 @ 15:00:02 - Row :10 - User imported successfully.
11-24-2021 @ 15:00:02 - Row :11 - Parsing item.
11-24-2021 @ 15:00:02 - Row :11 - Processing item.
11-24-2021 @ 15:00:02 - Processing users.
11-24-2021 @ 15:00:02 - > &#8220;182&#8221;User imported successfully. ID:182
11-24-2021 @ 15:00:02 - > Finished importing user 182
11-24-2021 @ 15:00:02 - Row :11 - User imported successfully.
11-24-2021 @ 15:00:02 - Row :12 - Parsing item.
11-24-2021 @ 15:00:02 - Row :12 - Processing item.
11-24-2021 @ 15:00:02 - Processing users.
11-24-2021 @ 15:00:02 - > &#8220;183&#8221;User imported successfully. ID:183
11-24-2021 @ 15:00:02 - > Finished importing user 183
11-24-2021 @ 15:00:02 - Row :12 - User imported successfully.
11-24-2021 @ 15:00:02 - Row :13 - Parsing item.
11-24-2021 @ 15:00:02 - Row :13 - Processing item.
11-24-2021 @ 15:00:02 - Processing users.
11-24-2021 @ 15:00:02 - > &#8220;184&#8221;User imported successfully. ID:184
11-24-2021 @ 15:00:02 - > Finished importing user 184
11-24-2021 @ 15:00:02 - Row :13 - User imported successfully.
11-24-2021 @ 15:00:02 - Row :14 - Parsing item.
11-24-2021 @ 15:00:02 - Row :14 - Parsing failed. Reason: User with same Email already exists. Email: Christiane.Ames@gmx.de
11-24-2021 @ 15:00:02 - Row :15 - Parsing item.
11-24-2021 @ 15:00:02 - Row :15 - Parsing failed. Reason: User with same Email already exists. Email: landwirtschaft-st@gmx.de
11-24-2021 @ 15:00:02 - Row :16 - Parsing item.
11-24-2021 @ 15:00:02 - Row :16 - Processing item.
11-24-2021 @ 15:00:02 - Processing users.
11-24-2021 @ 15:00:03 - > &#8220;185&#8221;User imported successfully. ID:185
11-24-2021 @ 15:00:03 - > Finished importing user 185
11-24-2021 @ 15:00:03 - Row :16 - User imported successfully.
11-24-2021 @ 15:00:03 - Row :17 - Parsing item.
11-24-2021 @ 15:00:03 - Row :17 - Processing item.
11-24-2021 @ 15:00:03 - Processing users.
11-24-2021 @ 15:00:03 - > &#8220;186&#8221;User imported successfully. ID:186
11-24-2021 @ 15:00:03 - > Finished importing user 186
11-24-2021 @ 15:00:03 - Row :17 - User imported successfully.
11-24-2021 @ 15:00:03 - Row :18 - Parsing item.
11-24-2021 @ 15:00:03 - Row :18 - Processing item.
11-24-2021 @ 15:00:03 - Processing users.
11-24-2021 @ 15:00:03 - > &#8220;187&#8221;User imported successfully. ID:187
11-24-2021 @ 15:00:03 - > Finished importing user 187
11-24-2021 @ 15:00:03 - Row :18 - User imported successfully.
11-24-2021 @ 15:00:03 - ---[ Import ended at 2021-11-24 14:00:03]---
