02-10-2022 @ 14:55:53 - ---[ New import started at 2022-02-10 13:55:53 ] PHP Memory: 256 MB, WP Memory: 40 MB
02-10-2022 @ 14:55:53 - Preparing for import.
02-10-2022 @ 14:55:53 - Row :1 - Parsing item.
02-10-2022 @ 14:55:53 - Row :1 - Parsing failed. Reason: User with same Email already exists. Email: rechnung@edeka-volkach.de
02-10-2022 @ 14:55:53 - Row :2 - Parsing item.
02-10-2022 @ 14:55:53 - Row :2 - Parsing failed. Reason: User with same Email already exists. Email: info@klostermuehle-altenmarkt.de
02-10-2022 @ 14:55:53 - Row :3 - Parsing item.
02-10-2022 @ 14:55:53 - Row :3 - Parsing failed. Reason: User with same Email already exists. Email: info@bammersdorfer-weide-ei.de
02-10-2022 @ 14:55:53 - Row :4 - Parsing item.
02-10-2022 @ 14:55:53 - Row :4 - Parsing failed. Reason: User with same Email already exists. Email: obergschaidter.bauernladen@gmail.com
02-10-2022 @ 14:55:53 - Row :5 - Parsing item.
02-10-2022 @ 14:55:53 - Row :5 - Parsing failed. Reason: User with same Email already exists. Email: info@milchhof-stroebel.de
02-10-2022 @ 14:55:53 - Row :6 - Parsing item.
02-10-2022 @ 14:55:53 - Row :6 - Parsing failed. Reason: User with same Email already exists. Email: juzill.jrz@gmail.com
02-10-2022 @ 14:55:53 - Row :7 - Parsing item.
02-10-2022 @ 14:55:53 - Row :7 - Parsing failed. Reason: User with same Email already exists. Email: franzi@projekt-direkt.de
02-10-2022 @ 14:55:53 - Row :8 - Parsing item.
02-10-2022 @ 14:55:53 - Row :8 - Parsing failed. Reason: User with same Email already exists. Email: bernd.lohbauer@t-online.de
02-10-2022 @ 14:55:53 - Row :9 - Parsing item.
02-10-2022 @ 14:55:53 - Row :9 - Processing item.
02-10-2022 @ 14:55:53 - Processing users.
02-10-2022 @ 14:55:54 - > &#8220;247&#8221;User imported successfully. ID:247
02-10-2022 @ 14:55:54 - > Finished importing user 247
02-10-2022 @ 14:55:54 - Row :9 - User imported successfully.
02-10-2022 @ 14:55:54 - Row :10 - Parsing item.
02-10-2022 @ 14:55:54 - Row :10 - Parsing failed. Reason: User with same Email already exists. Email: Sandra.Rottenkolber@vinzenzmurr.de
02-10-2022 @ 14:55:54 - Row :11 - Parsing item.
02-10-2022 @ 14:55:54 - Row :11 - Parsing failed. Reason: User with same Email already exists. Email: info@gasthaus-zum-wiesental.de
02-10-2022 @ 14:55:54 - Row :12 - Parsing item.
02-10-2022 @ 14:55:54 - Row :12 - Parsing failed. Reason: User with same Email already exists. Email: hannes_brandt.87@gmx.de
02-10-2022 @ 14:55:54 - Row :13 - Parsing item.
02-10-2022 @ 14:55:54 - Row :13 - Parsing failed. Reason: User with same Email already exists. Email: horst.aigner@gmx.de
02-10-2022 @ 14:55:54 - Row :14 - Parsing item.
02-10-2022 @ 14:55:54 - Row :14 - Parsing failed. Reason: User with same Email already exists. Email: petra.moosbach@web.de
02-10-2022 @ 14:55:54 - Row :15 - Parsing item.
02-10-2022 @ 14:55:54 - > skipped: cannot insert user without email.
02-10-2022 @ 14:55:54 - Row :15 - Parsing failed. Reason: > skipped: cannot insert user without email.
02-10-2022 @ 14:55:54 - Row :16 - Parsing item.
02-10-2022 @ 14:55:54 - Row :16 - Parsing failed. Reason: User with same Email already exists. Email: lukas.wust@edeka-wust.de
02-10-2022 @ 14:55:54 - Row :17 - Parsing item.
02-10-2022 @ 14:55:54 - Row :17 - Processing item.
02-10-2022 @ 14:55:54 - Processing users.
02-10-2022 @ 14:55:55 - > &#8220;248&#8221;User imported successfully. ID:248
02-10-2022 @ 14:55:55 - > Finished importing user 248
02-10-2022 @ 14:55:55 - Row :17 - User imported successfully.
02-10-2022 @ 14:55:55 - Row :18 - Parsing item.
02-10-2022 @ 14:55:55 - > skipped: cannot insert user without email.
02-10-2022 @ 14:55:55 - Row :18 - Parsing failed. Reason: > skipped: cannot insert user without email.
02-10-2022 @ 14:55:55 - Row :19 - Parsing item.
02-10-2022 @ 14:55:55 - Row :19 - Parsing failed. Reason: User with same Email already exists. Email: dodal-regional@t-online.de
02-10-2022 @ 14:55:55 - Row :20 - Parsing item.
02-10-2022 @ 14:55:55 - Row :20 - Processing item.
02-10-2022 @ 14:55:55 - Processing users.
02-10-2022 @ 14:55:55 - > &#8220;249&#8221;User imported successfully. ID:249
02-10-2022 @ 14:55:55 - > Finished importing user 249
02-10-2022 @ 14:55:55 - Row :20 - User imported successfully.
02-10-2022 @ 14:55:55 - Row :21 - Parsing item.
02-10-2022 @ 14:55:55 - > skipped: Email is not valid. info[@]puralei.de
02-10-2022 @ 14:55:55 - Row :21 - Parsing failed. Reason: >  skipped: Email is not valid.
02-10-2022 @ 14:55:55 - Row :22 - Parsing item.
02-10-2022 @ 14:55:55 - Row :22 - Processing item.
02-10-2022 @ 14:55:55 - Processing users.
02-10-2022 @ 14:55:56 - > &#8220;250&#8221;User imported successfully. ID:250
02-10-2022 @ 14:55:56 - > Finished importing user 250
02-10-2022 @ 14:55:56 - Row :22 - User imported successfully.
02-10-2022 @ 14:55:56 - Row :23 - Parsing item.
02-10-2022 @ 14:55:56 - Row :23 - Parsing failed. Reason: User with same Email already exists. Email: gruendlacherbauernladen@web.de
02-10-2022 @ 14:55:56 - Row :24 - Parsing item.
02-10-2022 @ 14:55:56 - Row :24 - Parsing failed. Reason: User with same Email already exists. Email: bachs-hofladen@web.de
02-10-2022 @ 14:55:56 - Row :25 - Parsing item.
02-10-2022 @ 14:55:56 - Row :25 - Parsing failed. Reason: User with same Email already exists. Email: stefan@starbridge.de
02-10-2022 @ 14:55:56 - Row :26 - Parsing item.
02-10-2022 @ 14:55:56 - Row :26 - Processing item.
02-10-2022 @ 14:55:56 - Processing users.
02-10-2022 @ 14:55:56 - > &#8220;251&#8221;User imported successfully. ID:251
02-10-2022 @ 14:55:56 - > Finished importing user 251
02-10-2022 @ 14:55:56 - Row :26 - User imported successfully.
02-10-2022 @ 14:55:56 - Row :27 - Parsing item.
02-10-2022 @ 14:55:56 - Row :27 - Parsing failed. Reason: User with same Email already exists. Email: info@e-center-schaetz.de
02-10-2022 @ 14:55:56 - Row :28 - Parsing item.
02-10-2022 @ 14:55:56 - Row :28 - Processing item.
02-10-2022 @ 14:55:56 - Processing users.
02-10-2022 @ 14:55:56 - > &#8220;252&#8221;User imported successfully. ID:252
02-10-2022 @ 14:55:56 - > Finished importing user 252
02-10-2022 @ 14:55:56 - Row :28 - User imported successfully.
02-10-2022 @ 14:55:56 - Row :29 - Parsing item.
02-10-2022 @ 14:55:56 - Row :29 - Processing item.
02-10-2022 @ 14:55:56 - Processing users.
02-10-2022 @ 14:55:57 - > &#8220;253&#8221;User imported successfully. ID:253
02-10-2022 @ 14:55:57 - > Finished importing user 253
02-10-2022 @ 14:55:57 - Row :29 - User imported successfully.
02-10-2022 @ 14:55:57 - Row :30 - Parsing item.
02-10-2022 @ 14:55:57 - Row :30 - Processing item.
02-10-2022 @ 14:55:57 - Processing users.
02-10-2022 @ 14:55:58 - > &#8220;254&#8221;User imported successfully. ID:254
02-10-2022 @ 14:55:58 - > Finished importing user 254
02-10-2022 @ 14:55:58 - Row :30 - User imported successfully.
02-10-2022 @ 14:55:58 - Row :31 - Parsing item.
02-10-2022 @ 14:55:58 - Row :31 - Processing item.
02-10-2022 @ 14:55:58 - Processing users.
02-10-2022 @ 14:55:58 - > &#8220;255&#8221;User imported successfully. ID:255
02-10-2022 @ 14:55:58 - > Finished importing user 255
02-10-2022 @ 14:55:58 - Row :31 - User imported successfully.
02-10-2022 @ 14:55:58 - Row :32 - Parsing item.
02-10-2022 @ 14:55:58 - Row :32 - Processing item.
02-10-2022 @ 14:55:58 - Processing users.
02-10-2022 @ 14:55:58 - > &#8220;256&#8221;User imported successfully. ID:256
02-10-2022 @ 14:55:58 - > Finished importing user 256
02-10-2022 @ 14:55:58 - Row :32 - User imported successfully.
02-10-2022 @ 14:55:58 - Row :33 - Parsing item.
02-10-2022 @ 14:55:58 - Row :33 - Processing item.
02-10-2022 @ 14:55:58 - Processing users.
02-10-2022 @ 14:55:59 - > &#8220;257&#8221;User imported successfully. ID:257
02-10-2022 @ 14:55:59 - > Finished importing user 257
02-10-2022 @ 14:55:59 - Row :33 - User imported successfully.
02-10-2022 @ 14:55:59 - Row :34 - Parsing item.
02-10-2022 @ 14:55:59 - Row :34 - Processing item.
02-10-2022 @ 14:55:59 - Processing users.
02-10-2022 @ 14:55:59 - > &#8220;258&#8221;User imported successfully. ID:258
02-10-2022 @ 14:55:59 - > Finished importing user 258
02-10-2022 @ 14:55:59 - Row :34 - User imported successfully.
02-10-2022 @ 14:55:59 - Row :35 - Parsing item.
02-10-2022 @ 14:55:59 - Row :35 - Parsing failed. Reason: User with same Email already exists. Email: luisa.frank@fffrische.de
02-10-2022 @ 14:55:59 - Row :36 - Parsing item.
02-10-2022 @ 14:55:59 - Row :36 - Parsing failed. Reason: User with same Email already exists. Email: luisa.frank@fffrische.de
02-10-2022 @ 14:55:59 - Row :37 - Parsing item.
02-10-2022 @ 14:55:59 - Row :37 - Processing item.
02-10-2022 @ 14:55:59 - Processing users.
02-10-2022 @ 14:56:00 - > &#8220;259&#8221;User imported successfully. ID:259
02-10-2022 @ 14:56:00 - > Finished importing user 259
02-10-2022 @ 14:56:00 - Row :37 - User imported successfully.
02-10-2022 @ 14:56:00 - ---[ Import ended at 2022-02-10 13:56:00]---
