02-11-2022 @ 21:08:03 - ---[ New import started at 2022-02-11 20:08:03 ] PHP Memory: 256 MB, WP Memory: 40 MB
02-11-2022 @ 21:08:03 - Preparing for import.
02-11-2022 @ 21:08:03 - Row :1 - Parsing item.
02-11-2022 @ 21:08:03 - Row :1 - Processing item.
02-11-2022 @ 21:08:03 - Processing users.
02-11-2022 @ 21:08:03 - > &#8220;262&#8221;User imported successfully. ID:262
02-11-2022 @ 21:08:03 - > Finished importing user 262
02-11-2022 @ 21:08:03 - Row :1 - User imported successfully.
02-11-2022 @ 21:08:03 - Row :2 - Parsing item.
02-11-2022 @ 21:08:03 - Row :2 - Processing item.
02-11-2022 @ 21:08:03 - Processing users.
02-11-2022 @ 21:08:04 - > &#8220;263&#8221;User imported successfully. ID:263
02-11-2022 @ 21:08:04 - > Finished importing user 263
02-11-2022 @ 21:08:04 - Row :2 - User imported successfully.
02-11-2022 @ 21:08:04 - Row :3 - Parsing item.
02-11-2022 @ 21:08:04 - Row :3 - Processing item.
02-11-2022 @ 21:08:04 - Processing users.
02-11-2022 @ 21:08:04 - > &#8220;264&#8221;User imported successfully. ID:264
02-11-2022 @ 21:08:04 - > Finished importing user 264
02-11-2022 @ 21:08:04 - Row :3 - User imported successfully.
02-11-2022 @ 21:08:04 - Row :4 - Parsing item.
02-11-2022 @ 21:08:04 - Row :4 - Processing item.
02-11-2022 @ 21:08:04 - Processing users.
02-11-2022 @ 21:08:05 - > &#8220;265&#8221;User imported successfully. ID:265
02-11-2022 @ 21:08:05 - > Finished importing user 265
02-11-2022 @ 21:08:05 - Row :4 - User imported successfully.
02-11-2022 @ 21:08:05 - Row :5 - Parsing item.
02-11-2022 @ 21:08:05 - Row :5 - Processing item.
02-11-2022 @ 21:08:05 - Processing users.
02-11-2022 @ 21:08:05 - > &#8220;266&#8221;User imported successfully. ID:266
02-11-2022 @ 21:08:05 - > Finished importing user 266
02-11-2022 @ 21:08:05 - Row :5 - User imported successfully.
02-11-2022 @ 21:08:05 - Row :6 - Parsing item.
02-11-2022 @ 21:08:05 - Row :6 - Processing item.
02-11-2022 @ 21:08:05 - Processing users.
02-11-2022 @ 21:08:06 - > &#8220;267&#8221;User imported successfully. ID:267
02-11-2022 @ 21:08:06 - > Finished importing user 267
02-11-2022 @ 21:08:06 - Row :6 - User imported successfully.
02-11-2022 @ 21:08:06 - Row :7 - Parsing item.
02-11-2022 @ 21:08:06 - Row :7 - Processing item.
02-11-2022 @ 21:08:06 - Processing users.
02-11-2022 @ 21:08:06 - > &#8220;268&#8221;User imported successfully. ID:268
02-11-2022 @ 21:08:06 - > Finished importing user 268
02-11-2022 @ 21:08:06 - Row :7 - User imported successfully.
02-11-2022 @ 21:08:06 - Row :8 - Parsing item.
02-11-2022 @ 21:08:06 - Row :8 - Processing item.
02-11-2022 @ 21:08:06 - Processing users.
02-11-2022 @ 21:08:07 - > &#8220;269&#8221;User imported successfully. ID:269
02-11-2022 @ 21:08:07 - > Finished importing user 269
02-11-2022 @ 21:08:07 - Row :8 - User imported successfully.
02-11-2022 @ 21:08:07 - ---[ Import ended at 2022-02-11 20:08:07]---
