10-04-2022 @ 07:07:37 - ---[ New import started at 2022-10-04 05:07:37 ] PHP Memory: 256 MB, WP Memory: 40 MB
10-04-2022 @ 07:07:37 - Preparing for import.
10-04-2022 @ 07:07:37 - Row :1 - Parsing item.
10-04-2022 @ 07:07:37 - Row :1 - Parsing failed. Reason: User with same Email already exists. Email: Anna-Dina.Priller@Ansitz-Hohenegg.de
10-04-2022 @ 07:07:37 - Row :2 - Parsing item.
10-04-2022 @ 07:07:37 - Row :2 - Parsing failed. Reason: User with same Email already exists. Email: c.krafft@delikatessen-berge.de
10-04-2022 @ 07:07:37 - Row :3 - Parsing item.
10-04-2022 @ 07:07:37 - Row :3 - Parsing failed. Reason: User with same Email already exists. Email: mathias.daffner@web.de
10-04-2022 @ 07:07:37 - Row :4 - Parsing item.
10-04-2022 @ 07:07:37 - Row :4 - Processing item.
10-04-2022 @ 07:07:37 - Processing users.
10-04-2022 @ 07:07:38 - > &#8220;554&#8221;User imported successfully. ID:554
10-04-2022 @ 07:07:38 - > Finished importing user 554
10-04-2022 @ 07:07:38 - Row :4 - User imported successfully.
10-04-2022 @ 07:07:38 - Row :5 - Parsing item.
10-04-2022 @ 07:07:38 - Row :5 - Processing item.
10-04-2022 @ 07:07:38 - Processing users.
10-04-2022 @ 07:07:38 - > &#8220;555&#8221;User imported successfully. ID:555
10-04-2022 @ 07:07:38 - > Finished importing user 555
10-04-2022 @ 07:07:38 - Row :5 - User imported successfully.
10-04-2022 @ 07:07:38 - Row :6 - Parsing item.
10-04-2022 @ 07:07:38 - Row :6 - Parsing failed. Reason: User with same Email already exists. Email: info@wallochny-hof.de
10-04-2022 @ 07:07:38 - Row :7 - Parsing item.
10-04-2022 @ 07:07:38 - Row :7 - Processing item.
10-04-2022 @ 07:07:38 - Processing users.
10-04-2022 @ 07:07:38 - > &#8220;556&#8221;User imported successfully. ID:556
10-04-2022 @ 07:07:38 - > Finished importing user 556
10-04-2022 @ 07:07:38 - Row :7 - User imported successfully.
10-04-2022 @ 07:07:38 - Row :8 - Parsing item.
10-04-2022 @ 07:07:38 - Row :8 - Processing item.
10-04-2022 @ 07:07:38 - Processing users.
10-04-2022 @ 07:07:39 - > &#8220;557&#8221;User imported successfully. ID:557
10-04-2022 @ 07:07:39 - > Finished importing user 557
10-04-2022 @ 07:07:39 - Row :8 - User imported successfully.
10-04-2022 @ 07:07:39 - Row :9 - Parsing item.
10-04-2022 @ 07:07:39 - Row :9 - Parsing failed. Reason: User with same Email already exists. Email: christianveit117@gmail.com
10-04-2022 @ 07:07:39 - Row :10 - Parsing item.
10-04-2022 @ 07:07:39 - Row :10 - Processing item.
10-04-2022 @ 07:07:39 - Processing users.
10-04-2022 @ 07:07:39 - > &#8220;558&#8221;User imported successfully. ID:558
10-04-2022 @ 07:07:39 - > Finished importing user 558
10-04-2022 @ 07:07:39 - Row :10 - User imported successfully.
10-04-2022 @ 07:07:39 - Row :11 - Parsing item.
10-04-2022 @ 07:07:39 - Row :11 - Processing item.
10-04-2022 @ 07:07:39 - Processing users.
10-04-2022 @ 07:07:39 - > &#8220;559&#8221;User imported successfully. ID:559
10-04-2022 @ 07:07:39 - > Finished importing user 559
10-04-2022 @ 07:07:39 - Row :11 - User imported successfully.
10-04-2022 @ 07:07:39 - Row :12 - Parsing item.
10-04-2022 @ 07:07:39 - Row :12 - Processing item.
10-04-2022 @ 07:07:39 - Processing users.
10-04-2022 @ 07:07:40 - > &#8220;560&#8221;User imported successfully. ID:560
10-04-2022 @ 07:07:40 - > Finished importing user 560
10-04-2022 @ 07:07:40 - Row :12 - User imported successfully.
10-04-2022 @ 07:07:40 - Row :13 - Parsing item.
10-04-2022 @ 07:07:40 - Row :13 - Processing item.
10-04-2022 @ 07:07:40 - Processing users.
10-04-2022 @ 07:07:40 - > &#8220;561&#8221;User imported successfully. ID:561
10-04-2022 @ 07:07:40 - > Finished importing user 561
10-04-2022 @ 07:07:40 - Row :13 - User imported successfully.
10-04-2022 @ 07:07:40 - Row :14 - Parsing item.
10-04-2022 @ 07:07:40 - Row :14 - Processing item.
10-04-2022 @ 07:07:40 - Processing users.
10-04-2022 @ 07:07:40 - > &#8220;562&#8221;User imported successfully. ID:562
10-04-2022 @ 07:07:40 - > Finished importing user 562
10-04-2022 @ 07:07:40 - Row :14 - User imported successfully.
10-04-2022 @ 07:07:40 - Row :15 - Parsing item.
10-04-2022 @ 07:07:40 - Row :15 - Parsing failed. Reason: User with same Email already exists. Email: jonas.k@oschau.de
10-04-2022 @ 07:07:40 - Row :16 - Parsing item.
10-04-2022 @ 07:07:40 - Row :16 - Processing item.
10-04-2022 @ 07:07:40 - Processing users.
10-04-2022 @ 07:07:40 - > &#8220;563&#8221;User imported successfully. ID:563
10-04-2022 @ 07:07:40 - > Finished importing user 563
10-04-2022 @ 07:07:40 - Row :16 - User imported successfully.
10-04-2022 @ 07:07:40 - Row :17 - Parsing item.
10-04-2022 @ 07:07:40 - Row :17 - Processing item.
10-04-2022 @ 07:07:40 - Processing users.
10-04-2022 @ 07:07:41 - > &#8220;564&#8221;User imported successfully. ID:564
10-04-2022 @ 07:07:41 - > Finished importing user 564
10-04-2022 @ 07:07:41 - Row :17 - User imported successfully.
10-04-2022 @ 07:07:41 - Row :18 - Parsing item.
10-04-2022 @ 07:07:41 - Row :18 - Processing item.
10-04-2022 @ 07:07:41 - Processing users.
10-04-2022 @ 07:07:41 - > &#8220;565&#8221;User imported successfully. ID:565
10-04-2022 @ 07:07:41 - > Finished importing user 565
10-04-2022 @ 07:07:41 - Row :18 - User imported successfully.
10-04-2022 @ 07:07:41 - Row :19 - Parsing item.
10-04-2022 @ 07:07:41 - Row :19 - Processing item.
10-04-2022 @ 07:07:41 - Processing users.
10-04-2022 @ 07:07:41 - > &#8220;566&#8221;User imported successfully. ID:566
10-04-2022 @ 07:07:41 - > Finished importing user 566
10-04-2022 @ 07:07:41 - Row :19 - User imported successfully.
10-04-2022 @ 07:07:41 - Row :20 - Parsing item.
10-04-2022 @ 07:07:41 - Row :20 - Processing item.
10-04-2022 @ 07:07:41 - Processing users.
10-04-2022 @ 07:07:42 - > &#8220;567&#8221;User imported successfully. ID:567
10-04-2022 @ 07:07:42 - > Finished importing user 567
10-04-2022 @ 07:07:42 - Row :20 - User imported successfully.
10-04-2022 @ 07:07:42 - Row :21 - Parsing item.
10-04-2022 @ 07:07:42 - Row :21 - Parsing failed. Reason: User with same Email already exists. Email: hallo@brotzeitbar.de
10-04-2022 @ 07:07:42 - Row :22 - Parsing item.
10-04-2022 @ 07:07:42 - Row :22 - Parsing failed. Reason: User with same Email already exists. Email: dorfbaeckerei_donaubauer@web.de
10-04-2022 @ 07:07:42 - Row :23 - Parsing item.
10-04-2022 @ 07:07:42 - Row :23 - Parsing failed. Reason: User with same Email already exists. Email: beef@wagyu-frankenhoehe.de
10-04-2022 @ 07:07:42 - Row :24 - Parsing item.
10-04-2022 @ 07:07:42 - Row :24 - Parsing failed. Reason: User with same Email already exists. Email: tobias_schmitt@gmx.de
10-04-2022 @ 07:07:42 - Row :25 - Parsing item.
10-04-2022 @ 07:07:42 - Row :25 - Parsing failed. Reason: User with same Email already exists. Email: info@bonschabs.de
10-04-2022 @ 07:07:42 - Row :26 - Parsing item.
10-04-2022 @ 07:07:42 - Row :26 - Parsing failed. Reason: User with same Email already exists. Email: info@backstube-merkel.de
10-04-2022 @ 07:07:42 - Row :27 - Parsing item.
10-04-2022 @ 07:07:42 - Row :27 - Parsing failed. Reason: User with same Email already exists. Email: markusfeldwieser@t-online.de
10-04-2022 @ 07:07:42 - Row :28 - Parsing item.
10-04-2022 @ 07:07:42 - Row :28 - Parsing failed. Reason: User with same Email already exists. Email: anton.klaiber@web.de
10-04-2022 @ 07:07:42 - Row :29 - Parsing item.
10-04-2022 @ 07:07:42 - Row :29 - Processing item.
10-04-2022 @ 07:07:42 - Processing users.
10-04-2022 @ 07:07:42 - > &#8220;568&#8221;User imported successfully. ID:568
10-04-2022 @ 07:07:42 - > Finished importing user 568
10-04-2022 @ 07:07:42 - Row :29 - User imported successfully.
10-04-2022 @ 07:07:42 - Row :30 - Parsing item.
10-04-2022 @ 07:07:42 - Row :30 - Parsing failed. Reason: User with same Email already exists. Email: info@schnells-kuerbiskerne.de
10-04-2022 @ 07:07:42 - Row :31 - Parsing item.
10-04-2022 @ 07:07:42 - > skipped: cannot insert user without email.
10-04-2022 @ 07:07:42 - Row :31 - Parsing failed. Reason: > skipped: cannot insert user without email.
10-04-2022 @ 07:07:42 - Row :32 - Parsing item.
10-04-2022 @ 07:07:42 - Row :32 - Parsing failed. Reason: User with same Email already exists. Email: iris.trautner@obst-trautner.de
10-04-2022 @ 07:07:42 - Row :33 - Parsing item.
10-04-2022 @ 07:07:42 - Row :33 - Parsing failed. Reason: User with same Email already exists. Email: kontakt@ferienhof-birnbaum.bayern
10-04-2022 @ 07:07:42 - Row :34 - Parsing item.
10-04-2022 @ 07:07:42 - Row :34 - Parsing failed. Reason: User with same Email already exists. Email: info@knoblauchsland-gemuese.de
10-04-2022 @ 07:07:42 - Row :35 - Parsing item.
10-04-2022 @ 07:07:42 - > skipped: cannot insert user without email.
10-04-2022 @ 07:07:42 - Row :35 - Parsing failed. Reason: > skipped: cannot insert user without email.
10-04-2022 @ 07:07:42 - Row :36 - Parsing item.
10-04-2022 @ 07:07:42 - Row :36 - Parsing failed. Reason: User with same Email already exists. Email: PoppAnja@gmx.de
10-04-2022 @ 07:07:42 - Row :37 - Parsing item.
10-04-2022 @ 07:07:42 - Row :37 - Parsing failed. Reason: User with same Email already exists. Email: rechnungen@brauhaus-germering.de
10-04-2022 @ 07:07:42 - Row :38 - Parsing item.
10-04-2022 @ 07:07:42 - Row :38 - Parsing failed. Reason: User with same Email already exists. Email: nadine.hoffmann@ebz-pappenheim.de
10-04-2022 @ 07:07:42 - Row :39 - Parsing item.
10-04-2022 @ 07:07:42 - Row :39 - Processing item.
10-04-2022 @ 07:07:42 - Processing users.
10-04-2022 @ 07:07:42 - > &#8220;569&#8221;User imported successfully. ID:569
10-04-2022 @ 07:07:42 - > Finished importing user 569
10-04-2022 @ 07:07:42 - Row :39 - User imported successfully.
10-04-2022 @ 07:07:42 - Row :40 - Parsing item.
10-04-2022 @ 07:07:42 - Row :40 - Processing item.
10-04-2022 @ 07:07:42 - Processing users.
10-04-2022 @ 07:07:43 - > &#8220;570&#8221;User imported successfully. ID:570
10-04-2022 @ 07:07:43 - > Finished importing user 570
10-04-2022 @ 07:07:43 - Row :40 - User imported successfully.
10-04-2022 @ 07:07:43 - Row :41 - Parsing item.
10-04-2022 @ 07:07:43 - Row :41 - Processing item.
10-04-2022 @ 07:07:43 - Processing users.
10-04-2022 @ 07:07:43 - > &#8220;571&#8221;User imported successfully. ID:571
10-04-2022 @ 07:07:43 - > Finished importing user 571
10-04-2022 @ 07:07:43 - Row :41 - User imported successfully.
10-04-2022 @ 07:07:43 - Row :42 - Parsing item.
10-04-2022 @ 07:07:43 - Row :42 - Parsing failed. Reason: User with same Email already exists. Email: bf@hotel-luise.de
10-04-2022 @ 07:07:43 - Row :43 - Parsing item.
10-04-2022 @ 07:07:43 - Row :43 - Parsing failed. Reason: User with same Email already exists. Email: martina.schindlbeck@web.de
10-04-2022 @ 07:07:43 - Row :44 - Parsing item.
10-04-2022 @ 07:07:43 - Row :44 - Parsing failed. Reason: User with same Email already exists. Email: karin.schuldenzucker@living-hotels.com
10-04-2022 @ 07:07:43 - Row :45 - Parsing item.
10-04-2022 @ 07:07:43 - Row :45 - Processing item.
10-04-2022 @ 07:07:43 - Processing users.
10-04-2022 @ 07:07:48 - > &#8220;572&#8221;User imported successfully. ID:572
10-04-2022 @ 07:07:48 - > Finished importing user 572
10-04-2022 @ 07:07:48 - Row :45 - User imported successfully.
10-04-2022 @ 07:07:48 - Row :46 - Parsing item.
10-04-2022 @ 07:07:48 - Row :46 - Processing item.
10-04-2022 @ 07:07:48 - Processing users.
10-04-2022 @ 07:07:49 - > &#8220;573&#8221;User imported successfully. ID:573
10-04-2022 @ 07:07:49 - > Finished importing user 573
10-04-2022 @ 07:07:49 - Row :46 - User imported successfully.
10-04-2022 @ 07:07:49 - Row :47 - Parsing item.
10-04-2022 @ 07:07:49 - Row :47 - Parsing failed. Reason: User with same Email already exists. Email: info@hofladen-kratzer.de
10-04-2022 @ 07:07:49 - Row :48 - Parsing item.
10-04-2022 @ 07:07:49 - Row :48 - Parsing failed. Reason: User with same Email already exists. Email: info@wiesenfelder-dorfladen.de
10-04-2022 @ 07:07:49 - Row :49 - Parsing item.
10-04-2022 @ 07:07:49 - Row :49 - Parsing failed. Reason: User with same Email already exists. Email: biolandhof.wuertenberger@gmail.com
10-04-2022 @ 07:07:49 - Row :50 - Parsing item.
10-04-2022 @ 07:07:49 - Row :50 - Parsing failed. Reason: User with same Email already exists. Email: guenther.steinmann@t-online.de
10-04-2022 @ 07:07:49 - Row :51 - Parsing item.
10-04-2022 @ 07:07:49 - Row :51 - Parsing failed. Reason: User with same Email already exists. Email: info@naegelhof.de
10-04-2022 @ 07:07:49 - Row :52 - Parsing item.
10-04-2022 @ 07:07:49 - Row :52 - Parsing failed. Reason: User with same Email already exists. Email: doersch3@freenet.de
10-04-2022 @ 07:07:49 - Row :53 - Parsing item.
10-04-2022 @ 07:07:49 - Row :53 - Parsing failed. Reason: User with same Email already exists. Email: info@unerwartet.com
10-04-2022 @ 07:07:49 - Row :54 - Parsing item.
10-04-2022 @ 07:07:49 - Row :54 - Processing item.
10-04-2022 @ 07:07:49 - Processing users.
10-04-2022 @ 07:07:49 - > &#8220;574&#8221;User imported successfully. ID:574
10-04-2022 @ 07:07:49 - > Finished importing user 574
10-04-2022 @ 07:07:49 - Row :54 - User imported successfully.
10-04-2022 @ 07:07:49 - Row :55 - Parsing item.
10-04-2022 @ 07:07:49 - Row :55 - Processing item.
10-04-2022 @ 07:07:49 - Processing users.
10-04-2022 @ 07:07:49 - > &#8220;575&#8221;User imported successfully. ID:575
10-04-2022 @ 07:07:49 - > Finished importing user 575
10-04-2022 @ 07:07:49 - Row :55 - User imported successfully.
10-04-2022 @ 07:07:49 - Row :56 - Parsing item.
10-04-2022 @ 07:07:49 - Row :56 - Processing item.
10-04-2022 @ 07:07:49 - Processing users.
10-04-2022 @ 07:07:50 - > &#8220;576&#8221;User imported successfully. ID:576
10-04-2022 @ 07:07:50 - > Finished importing user 576
10-04-2022 @ 07:07:50 - Row :56 - User imported successfully.
10-04-2022 @ 07:07:50 - Row :57 - Parsing item.
10-04-2022 @ 07:07:50 - Row :57 - Parsing failed. Reason: User with same Email already exists. Email: info@maisingerhof.de
10-04-2022 @ 07:07:50 - Row :58 - Parsing item.
10-04-2022 @ 07:07:50 - Row :58 - Parsing failed. Reason: User with same Email already exists. Email: maria.theresia.barth@gmail.com
10-04-2022 @ 07:07:50 - Row :59 - Parsing item.
10-04-2022 @ 07:07:50 - Row :59 - Processing item.
10-04-2022 @ 07:07:50 - Processing users.
10-04-2022 @ 07:07:50 - > &#8220;577&#8221;User imported successfully. ID:577
10-04-2022 @ 07:07:50 - > Finished importing user 577
10-04-2022 @ 07:07:50 - Row :59 - User imported successfully.
10-04-2022 @ 07:07:50 - Row :60 - Parsing item.
10-04-2022 @ 07:07:50 - Row :60 - Processing item.
10-04-2022 @ 07:07:50 - Processing users.
10-04-2022 @ 07:07:50 - > &#8220;578&#8221;User imported successfully. ID:578
10-04-2022 @ 07:07:50 - > Finished importing user 578
10-04-2022 @ 07:07:50 - Row :60 - User imported successfully.
10-04-2022 @ 07:07:50 - ---[ Import ended at 2022-10-04 05:07:50]---
