11-20-2022 @ 12:42:09 - ---[ New import started at 2022-11-20 11:42:09 ] PHP Memory: 256 MB, WP Memory: 40 MB
11-20-2022 @ 12:42:09 - Preparing for import.
11-20-2022 @ 12:42:09 - Row :1 - Parsing item.
11-20-2022 @ 12:42:09 - Row :1 - Parsing failed. Reason: User with same Email already exists. Email: julia_giehrl@web.de
11-20-2022 @ 12:42:09 - Row :2 - Parsing item.
11-20-2022 @ 12:42:09 - Row :2 - Parsing failed. Reason: User with same Email already exists. Email: franz.feicht@t-online.de
11-20-2022 @ 12:42:09 - Row :3 - Parsing item.
11-20-2022 @ 12:42:09 - Row :3 - Parsing failed. Reason: User with same Email already exists. Email: info@gassners-hofladen.de
11-20-2022 @ 12:42:09 - Row :4 - Parsing item.
11-20-2022 @ 12:42:09 - Row :4 - Parsing failed. Reason: User with same Email already exists. Email: strasser-hof@web.de
11-20-2022 @ 12:42:09 - Row :5 - Parsing item.
11-20-2022 @ 12:42:09 - Row :5 - Parsing failed. Reason: User with same Email already exists. Email: info@tiekings.net
11-20-2022 @ 12:42:09 - Row :6 - Parsing item.
11-20-2022 @ 12:42:09 - Row :6 - Parsing failed. Reason: User with same Email already exists. Email: michael.merz@hotmail.de
11-20-2022 @ 12:42:09 - Row :7 - Parsing item.
11-20-2022 @ 12:42:09 - Row :7 - Parsing failed. Reason: User with same Email already exists. Email: summererhof@gmx.de
11-20-2022 @ 12:42:09 - Row :8 - Parsing item.
11-20-2022 @ 12:42:09 - Row :8 - Parsing failed. Reason: User with same Email already exists. Email: info@hartmann-weideschweine.de
11-20-2022 @ 12:42:09 - Row :9 - Parsing item.
11-20-2022 @ 12:42:09 - Row :9 - Parsing failed. Reason: User with same Email already exists. Email: mayers-backstube@t-online.de
11-20-2022 @ 12:42:09 - Row :10 - Parsing item.
11-20-2022 @ 12:42:09 - Row :10 - Parsing failed. Reason: User with same Email already exists. Email: info@zapfpunkt-neubeuern.de
11-20-2022 @ 12:42:09 - Row :11 - Parsing item.
11-20-2022 @ 12:42:09 - Row :11 - Parsing failed. Reason: User with same Email already exists. Email: info@hartmann-weideschweine.de
11-20-2022 @ 12:42:09 - Row :12 - Parsing item.
11-20-2022 @ 12:42:09 - Row :12 - Parsing failed. Reason: User with same Email already exists. Email: siggideisenhofer@gmx.de
11-20-2022 @ 12:42:09 - Row :13 - Parsing item.
11-20-2022 @ 12:42:09 - Row :13 - Parsing failed. Reason: User with same Email already exists. Email: miller.info@gmx.de
11-20-2022 @ 12:42:09 - Row :14 - Parsing item.
11-20-2022 @ 12:42:09 - Row :14 - Parsing failed. Reason: User with same Email already exists. Email: kontakt@hofladen-wolf.de
11-20-2022 @ 12:42:09 - Row :15 - Parsing item.
11-20-2022 @ 12:42:09 - Row :15 - Parsing failed. Reason: User with same Email already exists. Email: info@genuss-vom-land.de
11-20-2022 @ 12:42:09 - Row :16 - Parsing item.
11-20-2022 @ 12:42:09 - Row :16 - Parsing failed. Reason: User with same Email already exists. Email: Foodvariete@gmx.de
11-20-2022 @ 12:42:09 - Row :17 - Parsing item.
11-20-2022 @ 12:42:09 - Row :17 - Parsing failed. Reason: User with same Email already exists. Email: schaerfl.richard@gmx.de
11-20-2022 @ 12:42:09 - Row :18 - Parsing item.
11-20-2022 @ 12:42:09 - Row :18 - Parsing failed. Reason: User with same Email already exists. Email: info@steindlhof.de
11-20-2022 @ 12:42:09 - Row :19 - Parsing item.
11-20-2022 @ 12:42:09 - Row :19 - Parsing failed. Reason: User with same Email already exists. Email: info@feldgemuesehiebl.de
11-20-2022 @ 12:42:09 - Row :20 - Parsing item.
11-20-2022 @ 12:42:09 - Row :20 - Parsing failed. Reason: User with same Email already exists. Email: ch.mittermueller@gmx.de
11-20-2022 @ 12:42:09 - Row :21 - Parsing item.
11-20-2022 @ 12:42:09 - Row :21 - Parsing failed. Reason: User with same Email already exists. Email: isartal.obst@gmail.com
11-20-2022 @ 12:42:09 - Row :22 - Parsing item.
11-20-2022 @ 12:42:09 - Row :22 - Parsing failed. Reason: User with same Email already exists. Email: vr@hofladen-vohenstrauss.de
11-20-2022 @ 12:42:09 - Row :23 - Parsing item.
11-20-2022 @ 12:42:09 - Row :23 - Parsing failed. Reason: User with same Email already exists. Email: frischgemuese-wullinger@t-online.de
11-20-2022 @ 12:42:09 - Row :24 - Parsing item.
11-20-2022 @ 12:42:09 - Row :24 - Parsing failed. Reason: User with same Email already exists. Email: hoesl.perschen@t-online.de
11-20-2022 @ 12:42:09 - Row :25 - Parsing item.
11-20-2022 @ 12:42:09 - Row :25 - Parsing failed. Reason: User with same Email already exists. Email: johanneswimmer88@gmail.com
11-20-2022 @ 12:42:09 - Row :26 - Parsing item.
11-20-2022 @ 12:42:09 - Row :26 - Parsing failed. Reason: User with same Email already exists. Email: baeumler@burg-fuersteneck.de
11-20-2022 @ 12:42:09 - Row :27 - Parsing item.
11-20-2022 @ 12:42:09 - Row :27 - Processing item.
11-20-2022 @ 12:42:09 - Processing users.
11-20-2022 @ 12:42:09 - > &#8220;628&#8221;User imported successfully. ID:628
11-20-2022 @ 12:42:09 - > Finished importing user 628
11-20-2022 @ 12:42:09 - Row :27 - User imported successfully.
11-20-2022 @ 12:42:09 - Row :28 - Parsing item.
11-20-2022 @ 12:42:09 - Row :28 - Parsing failed. Reason: User with same Email already exists. Email: info@rhoenerlebnis.de
11-20-2022 @ 12:42:09 - Row :29 - Parsing item.
11-20-2022 @ 12:42:09 - Row :29 - Parsing failed. Reason: User with same Email already exists. Email: johannes@pfefferundfrost.de
11-20-2022 @ 12:42:09 - Row :30 - Parsing item.
11-20-2022 @ 12:42:09 - Row :30 - Parsing failed. Reason: User with same Email already exists. Email: kathrin.herbrich@soldan.com
11-20-2022 @ 12:42:09 - Row :31 - Parsing item.
11-20-2022 @ 12:42:09 - Row :31 - Parsing failed. Reason: User with same Email already exists. Email: dekramerin@outlook.de
11-20-2022 @ 12:42:09 - Row :32 - Parsing item.
11-20-2022 @ 12:42:09 - Row :32 - Parsing failed. Reason: User with same Email already exists. Email: info@sammenheimer-weide-ei.de
11-20-2022 @ 12:42:09 - Row :33 - Parsing item.
11-20-2022 @ 12:42:09 - Row :33 - Parsing failed. Reason: User with same Email already exists. Email: bernheckertheke@web.de
11-20-2022 @ 12:42:09 - Row :34 - Parsing item.
11-20-2022 @ 12:42:09 - Row :34 - Parsing failed. Reason: User with same Email already exists. Email: kleinlein.r@arcor.de
11-20-2022 @ 12:42:09 - Row :35 - Parsing item.
11-20-2022 @ 12:42:09 - Row :35 - Parsing failed. Reason: User with same Email already exists. Email: info@hofladen-purucker.de
11-20-2022 @ 12:42:09 - Row :36 - Parsing item.
11-20-2022 @ 12:42:09 - Row :36 - Parsing failed. Reason: User with same Email already exists. Email: bauernhofeier@web.de
11-20-2022 @ 12:42:09 - ---[ Import ended at 2022-11-20 11:42:09]---
