01-05-2023 @ 01:01:11 - ---[ New import started at 2023-01-05 00:01:11 ] PHP Memory: 256 MB, WP Memory: 40 MB
01-05-2023 @ 01:01:11 - Preparing for import.
01-05-2023 @ 01:01:11 - Row :1 - Parsing item.
01-05-2023 @ 01:01:11 - Row :1 - Processing item.
01-05-2023 @ 01:01:11 - Processing users.
01-05-2023 @ 01:01:12 - > &#8220;727&#8221;User imported successfully. ID:727
01-05-2023 @ 01:01:12 - > Finished importing user 727
01-05-2023 @ 01:01:12 - Row :1 - User imported successfully.
01-05-2023 @ 01:01:12 - Row :2 - Parsing item.
01-05-2023 @ 01:01:12 - Row :2 - Processing item.
01-05-2023 @ 01:01:12 - Processing users.
01-05-2023 @ 01:01:12 - > &#8220;728&#8221;User imported successfully. ID:728
01-05-2023 @ 01:01:12 - > Finished importing user 728
01-05-2023 @ 01:01:12 - Row :2 - User imported successfully.
01-05-2023 @ 01:01:12 - Row :3 - Parsing item.
01-05-2023 @ 01:01:12 - > skipped: cannot insert user without email.
01-05-2023 @ 01:01:12 - Row :3 - Parsing failed. Reason: > skipped: cannot insert user without email.
01-05-2023 @ 01:01:12 - Row :4 - Parsing item.
01-05-2023 @ 01:01:12 - Row :4 - Parsing failed. Reason: User with same Email already exists. Email: info@dorfladen-obertrubach.de
01-05-2023 @ 01:01:12 - Row :5 - Parsing item.
01-05-2023 @ 01:01:12 - Row :5 - Parsing failed. Reason: User with same Email already exists. Email: myriam.haber@lokbest-store.com
01-05-2023 @ 01:01:12 - Row :6 - Parsing item.
01-05-2023 @ 01:01:12 - Row :6 - Parsing failed. Reason: User with same Email already exists. Email: info@schmittsobstgarten.de
01-05-2023 @ 01:01:12 - Row :7 - Parsing item.
01-05-2023 @ 01:01:12 - Row :7 - Processing item.
01-05-2023 @ 01:01:12 - Processing users.
01-05-2023 @ 01:01:12 - > &#8220;729&#8221;User imported successfully. ID:729
01-05-2023 @ 01:01:12 - > Finished importing user 729
01-05-2023 @ 01:01:12 - Row :7 - User imported successfully.
01-05-2023 @ 01:01:12 - Row :8 - Parsing item.
01-05-2023 @ 01:01:12 - Row :8 - Processing item.
01-05-2023 @ 01:01:12 - Processing users.
01-05-2023 @ 01:01:13 - > &#8220;730&#8221;User imported successfully. ID:730
01-05-2023 @ 01:01:13 - > Finished importing user 730
01-05-2023 @ 01:01:13 - Row :8 - User imported successfully.
01-05-2023 @ 01:01:13 - Row :9 - Parsing item.
01-05-2023 @ 01:01:13 - Row :9 - Processing item.
01-05-2023 @ 01:01:13 - Processing users.
01-05-2023 @ 01:01:13 - > &#8220;731&#8221;User imported successfully. ID:731
01-05-2023 @ 01:01:13 - > Finished importing user 731
01-05-2023 @ 01:01:13 - Row :9 - User imported successfully.
01-05-2023 @ 01:01:13 - Row :10 - Parsing item.
01-05-2023 @ 01:01:13 - Row :10 - Processing item.
01-05-2023 @ 01:01:13 - Processing users.
01-05-2023 @ 01:01:13 - > &#8220;732&#8221;User imported successfully. ID:732
01-05-2023 @ 01:01:13 - > Finished importing user 732
01-05-2023 @ 01:01:13 - Row :10 - User imported successfully.
01-05-2023 @ 01:01:13 - Row :11 - Parsing item.
01-05-2023 @ 01:01:13 - Row :11 - Processing item.
01-05-2023 @ 01:01:13 - Processing users.
01-05-2023 @ 01:01:13 - > &#8220;733&#8221;User imported successfully. ID:733
01-05-2023 @ 01:01:13 - > Finished importing user 733
01-05-2023 @ 01:01:13 - Row :11 - User imported successfully.
01-05-2023 @ 01:01:13 - Row :12 - Parsing item.
01-05-2023 @ 01:01:13 - Row :12 - Processing item.
01-05-2023 @ 01:01:13 - Processing users.
01-05-2023 @ 01:01:14 - > &#8220;734&#8221;User imported successfully. ID:734
01-05-2023 @ 01:01:14 - > Finished importing user 734
01-05-2023 @ 01:01:14 - Row :12 - User imported successfully.
01-05-2023 @ 01:01:14 - Row :13 - Parsing item.
01-05-2023 @ 01:01:14 - Row :13 - Processing item.
01-05-2023 @ 01:01:14 - Processing users.
01-05-2023 @ 01:01:14 - > &#8220;735&#8221;User imported successfully. ID:735
01-05-2023 @ 01:01:14 - > Finished importing user 735
01-05-2023 @ 01:01:14 - Row :13 - User imported successfully.
01-05-2023 @ 01:01:14 - Row :14 - Parsing item.
01-05-2023 @ 01:01:14 - Row :14 - Processing item.
01-05-2023 @ 01:01:14 - Processing users.
01-05-2023 @ 01:01:14 - > &#8220;736&#8221;User imported successfully. ID:736
01-05-2023 @ 01:01:14 - > Finished importing user 736
01-05-2023 @ 01:01:14 - Row :14 - User imported successfully.
01-05-2023 @ 01:01:14 - Row :15 - Parsing item.
01-05-2023 @ 01:01:14 - Row :15 - Processing item.
01-05-2023 @ 01:01:14 - Processing users.
01-05-2023 @ 01:01:15 - > &#8220;737&#8221;User imported successfully. ID:737
01-05-2023 @ 01:01:15 - > Finished importing user 737
01-05-2023 @ 01:01:15 - Row :15 - User imported successfully.
01-05-2023 @ 01:01:15 - Row :16 - Parsing item.
01-05-2023 @ 01:01:15 - Row :16 - Processing item.
01-05-2023 @ 01:01:15 - Processing users.
01-05-2023 @ 01:01:15 - > &#8220;738&#8221;User imported successfully. ID:738
01-05-2023 @ 01:01:15 - > Finished importing user 738
01-05-2023 @ 01:01:15 - Row :16 - User imported successfully.
01-05-2023 @ 01:01:15 - Row :17 - Parsing item.
01-05-2023 @ 01:01:15 - Row :17 - Processing item.
01-05-2023 @ 01:01:15 - Processing users.
01-05-2023 @ 01:01:15 - > &#8220;739&#8221;User imported successfully. ID:739
01-05-2023 @ 01:01:15 - > Finished importing user 739
01-05-2023 @ 01:01:15 - Row :17 - User imported successfully.
01-05-2023 @ 01:01:15 - Row :18 - Parsing item.
01-05-2023 @ 01:01:15 - Row :18 - Processing item.
01-05-2023 @ 01:01:15 - Processing users.
01-05-2023 @ 01:01:16 - > &#8220;740&#8221;User imported successfully. ID:740
01-05-2023 @ 01:01:16 - > Finished importing user 740
01-05-2023 @ 01:01:16 - Row :18 - User imported successfully.
01-05-2023 @ 01:01:16 - Row :19 - Parsing item.
01-05-2023 @ 01:01:16 - Row :19 - Parsing failed. Reason: User with same Email already exists. Email: schmitthof@gmail.com
01-05-2023 @ 01:01:16 - Row :20 - Parsing item.
01-05-2023 @ 01:01:16 - Row :20 - Processing item.
01-05-2023 @ 01:01:16 - Processing users.
01-05-2023 @ 01:01:16 - > &#8220;741&#8221;User imported successfully. ID:741
01-05-2023 @ 01:01:16 - > Finished importing user 741
01-05-2023 @ 01:01:16 - Row :20 - User imported successfully.
01-05-2023 @ 01:01:16 - Row :21 - Parsing item.
01-05-2023 @ 01:01:16 - Row :21 - Processing item.
01-05-2023 @ 01:01:16 - Processing users.
01-05-2023 @ 01:01:16 - > &#8220;742&#8221;User imported successfully. ID:742
01-05-2023 @ 01:01:16 - > Finished importing user 742
01-05-2023 @ 01:01:16 - Row :21 - User imported successfully.
01-05-2023 @ 01:01:16 - Row :22 - Parsing item.
01-05-2023 @ 01:01:16 - Row :22 - Processing item.
01-05-2023 @ 01:01:16 - Processing users.
01-05-2023 @ 01:01:17 - > &#8220;743&#8221;User imported successfully. ID:743
01-05-2023 @ 01:01:17 - > Finished importing user 743
01-05-2023 @ 01:01:17 - Row :22 - User imported successfully.
01-05-2023 @ 01:01:17 - Row :23 - Parsing item.
01-05-2023 @ 01:01:17 - Row :23 - Processing item.
01-05-2023 @ 01:01:17 - Processing users.
01-05-2023 @ 01:01:17 - > &#8220;744&#8221;User imported successfully. ID:744
01-05-2023 @ 01:01:17 - > Finished importing user 744
01-05-2023 @ 01:01:17 - Row :23 - User imported successfully.
01-05-2023 @ 01:01:17 - Row :24 - Parsing item.
01-05-2023 @ 01:01:17 - Row :24 - Processing item.
01-05-2023 @ 01:01:17 - Processing users.
01-05-2023 @ 01:01:17 - > &#8220;745&#8221;User imported successfully. ID:745
01-05-2023 @ 01:01:17 - > Finished importing user 745
01-05-2023 @ 01:01:17 - Row :24 - User imported successfully.
01-05-2023 @ 01:01:17 - Row :25 - Parsing item.
01-05-2023 @ 01:01:17 - Row :25 - Processing item.
01-05-2023 @ 01:01:17 - Processing users.
01-05-2023 @ 01:01:23 - > &#8220;746&#8221;User imported successfully. ID:746
01-05-2023 @ 01:01:23 - > Finished importing user 746
01-05-2023 @ 01:01:23 - Row :25 - User imported successfully.
01-05-2023 @ 01:01:23 - Row :26 - Parsing item.
01-05-2023 @ 01:01:23 - Row :26 - Processing item.
01-05-2023 @ 01:01:23 - Processing users.
01-05-2023 @ 01:01:23 - > &#8220;747&#8221;User imported successfully. ID:747
01-05-2023 @ 01:01:23 - > Finished importing user 747
01-05-2023 @ 01:01:23 - Row :26 - User imported successfully.
01-05-2023 @ 01:01:23 - Row :27 - Parsing item.
01-05-2023 @ 01:01:23 - Row :27 - Parsing failed. Reason: User with same Email already exists. Email: web31p1@waglerhof.de
01-05-2023 @ 01:01:23 - Row :28 - Parsing item.
01-05-2023 @ 01:01:23 - Row :28 - Parsing failed. Reason: User with same Email already exists. Email: birkenhof-warmbronn@t-online.de
01-05-2023 @ 01:01:23 - Row :29 - Parsing item.
01-05-2023 @ 01:01:23 - Row :29 - Parsing failed. Reason: User with same Email already exists. Email: j.meinecke@t-online.de
01-05-2023 @ 01:01:23 - Row :30 - Parsing item.
01-05-2023 @ 01:01:23 - Row :30 - Parsing failed. Reason: User with same Email already exists. Email: info@hemmi.de
01-05-2023 @ 01:01:23 - Row :31 - Parsing item.
01-05-2023 @ 01:01:23 - Row :31 - Processing item.
01-05-2023 @ 01:01:23 - Processing users.
01-05-2023 @ 01:01:23 - > &#8220;748&#8221;User imported successfully. ID:748
01-05-2023 @ 01:01:23 - > Finished importing user 748
01-05-2023 @ 01:01:23 - Row :31 - User imported successfully.
01-05-2023 @ 01:01:23 - Row :32 - Parsing item.
01-05-2023 @ 01:01:23 - > skipped: cannot insert user without email.
01-05-2023 @ 01:01:23 - Row :32 - Parsing failed. Reason: > skipped: cannot insert user without email.
01-05-2023 @ 01:01:23 - Row :33 - Parsing item.
01-05-2023 @ 01:01:23 - Row :33 - Processing item.
01-05-2023 @ 01:01:23 - Processing users.
01-05-2023 @ 01:01:23 - > &#8220;749&#8221;User imported successfully. ID:749
01-05-2023 @ 01:01:23 - > Finished importing user 749
01-05-2023 @ 01:01:23 - Row :33 - User imported successfully.
01-05-2023 @ 01:01:23 - Row :34 - Parsing item.
01-05-2023 @ 01:01:23 - Row :34 - Processing item.
01-05-2023 @ 01:01:23 - Processing users.
01-05-2023 @ 01:01:24 - > &#8220;750&#8221;User imported successfully. ID:750
01-05-2023 @ 01:01:24 - > Finished importing user 750
01-05-2023 @ 01:01:24 - Row :34 - User imported successfully.
01-05-2023 @ 01:01:24 - Row :35 - Parsing item.
01-05-2023 @ 01:01:24 - Row :35 - Parsing failed. Reason: User with same Email already exists. Email: restaurant.meyershof@t-online.de
01-05-2023 @ 01:01:24 - Row :36 - Parsing item.
01-05-2023 @ 01:01:24 - Row :36 - Processing item.
01-05-2023 @ 01:01:24 - Processing users.
01-05-2023 @ 01:01:24 - > &#8220;751&#8221;User imported successfully. ID:751
01-05-2023 @ 01:01:24 - > Finished importing user 751
01-05-2023 @ 01:01:24 - Row :36 - User imported successfully.
01-05-2023 @ 01:01:24 - Row :37 - Parsing item.
01-05-2023 @ 01:01:24 - Row :37 - Processing item.
01-05-2023 @ 01:01:24 - Processing users.
01-05-2023 @ 01:01:24 - > &#8220;752&#8221;User imported successfully. ID:752
01-05-2023 @ 01:01:24 - > Finished importing user 752
01-05-2023 @ 01:01:24 - Row :37 - User imported successfully.
01-05-2023 @ 01:01:24 - Row :38 - Parsing item.
01-05-2023 @ 01:01:24 - Row :38 - Processing item.
01-05-2023 @ 01:01:24 - Processing users.
01-05-2023 @ 01:01:25 - > &#8220;753&#8221;User imported successfully. ID:753
01-05-2023 @ 01:01:25 - > Finished importing user 753
01-05-2023 @ 01:01:25 - Row :38 - User imported successfully.
01-05-2023 @ 01:01:25 - ---[ Import ended at 2023-01-05 00:01:25]---
