04-10-2023 @ 23:58:11 - ---[ New import started at 2023-04-10 21:58:11 ] PHP Memory: 256 MB, WP Memory: 40 MB
04-10-2023 @ 23:58:11 - Preparing for import.
04-10-2023 @ 23:58:11 - Row :1 - Parsing item.
04-10-2023 @ 23:58:11 - Row :1 - Processing item.
04-10-2023 @ 23:58:11 - Processing users.
04-10-2023 @ 23:58:11 - > &#8220;863&#8221;User imported successfully. ID:863
04-10-2023 @ 23:58:11 - > Finished importing user 863
04-10-2023 @ 23:58:11 - Row :1 - User imported successfully.
04-10-2023 @ 23:58:11 - Row :2 - Parsing item.
04-10-2023 @ 23:58:11 - Row :2 - Processing item.
04-10-2023 @ 23:58:11 - Processing users.
04-10-2023 @ 23:58:11 - > &#8220;864&#8221;User imported successfully. ID:864
04-10-2023 @ 23:58:11 - > Finished importing user 864
04-10-2023 @ 23:58:11 - Row :2 - User imported successfully.
04-10-2023 @ 23:58:11 - Row :3 - Parsing item.
04-10-2023 @ 23:58:11 - Row :3 - Processing item.
04-10-2023 @ 23:58:11 - Processing users.
04-10-2023 @ 23:58:12 - > &#8220;865&#8221;User imported successfully. ID:865
04-10-2023 @ 23:58:12 - > Finished importing user 865
04-10-2023 @ 23:58:12 - Row :3 - User imported successfully.
04-10-2023 @ 23:58:12 - Row :4 - Parsing item.
04-10-2023 @ 23:58:12 - Row :4 - Processing item.
04-10-2023 @ 23:58:12 - Processing users.
04-10-2023 @ 23:58:12 - > &#8220;866&#8221;User imported successfully. ID:866
04-10-2023 @ 23:58:12 - > Finished importing user 866
04-10-2023 @ 23:58:12 - Row :4 - User imported successfully.
04-10-2023 @ 23:58:12 - Row :5 - Parsing item.
04-10-2023 @ 23:58:12 - Row :5 - Parsing failed. Reason: User with same Email already exists. Email: simone.treiber@outlook.com
04-10-2023 @ 23:58:12 - Row :6 - Parsing item.
04-10-2023 @ 23:58:12 - Row :6 - Parsing failed. Reason: User with same Email already exists. Email: woodstock.drogerie@gmail.com
04-10-2023 @ 23:58:12 - Row :7 - Parsing item.
04-10-2023 @ 23:58:12 - Row :7 - Processing item.
04-10-2023 @ 23:58:12 - Processing users.
04-10-2023 @ 23:58:12 - > &#8220;867&#8221;User imported successfully. ID:867
04-10-2023 @ 23:58:12 - > Finished importing user 867
04-10-2023 @ 23:58:12 - Row :7 - User imported successfully.
04-10-2023 @ 23:58:12 - Row :8 - Parsing item.
04-10-2023 @ 23:58:12 - Row :8 - Parsing failed. Reason: User with same Email already exists. Email: frischemarktmeyer@gmail.com
04-10-2023 @ 23:58:12 - Row :9 - Parsing item.
04-10-2023 @ 23:58:12 - Row :9 - Processing item.
04-10-2023 @ 23:58:12 - Processing users.
04-10-2023 @ 23:58:13 - > &#8220;868&#8221;User imported successfully. ID:868
04-10-2023 @ 23:58:13 - > Finished importing user 868
04-10-2023 @ 23:58:13 - Row :9 - User imported successfully.
04-10-2023 @ 23:58:13 - Row :10 - Parsing item.
04-10-2023 @ 23:58:13 - Row :10 - Parsing failed. Reason: User with same Email already exists. Email: scheferhof.cnljp@hotmail.de
04-10-2023 @ 23:58:13 - Row :11 - Parsing item.
04-10-2023 @ 23:58:13 - Row :11 - Parsing failed. Reason: User with same Email already exists. Email: kaeseglueck@gmx.de
04-10-2023 @ 23:58:13 - Row :12 - Parsing item.
04-10-2023 @ 23:58:13 - Row :12 - Parsing failed. Reason: User with same Email already exists. Email: hallo@semmelprinz.de
04-10-2023 @ 23:58:13 - Row :13 - Parsing item.
04-10-2023 @ 23:58:13 - Row :13 - Parsing failed. Reason: User with same Email already exists. Email: wolfgang.kiessling@das-gruenhaus.de
04-10-2023 @ 23:58:13 - Row :14 - Parsing item.
04-10-2023 @ 23:58:13 - Row :14 - Parsing failed. Reason: User with same Email already exists. Email: Info@monis-ladl.de
04-10-2023 @ 23:58:13 - Row :15 - Parsing item.
04-10-2023 @ 23:58:13 - Row :15 - Processing item.
04-10-2023 @ 23:58:13 - Processing users.
04-10-2023 @ 23:58:13 - > &#8220;869&#8221;User imported successfully. ID:869
04-10-2023 @ 23:58:13 - > Finished importing user 869
04-10-2023 @ 23:58:13 - Row :15 - User imported successfully.
04-10-2023 @ 23:58:13 - Row :16 - Parsing item.
04-10-2023 @ 23:58:13 - > skipped: cannot insert user without email.
04-10-2023 @ 23:58:13 - Row :16 - Parsing failed. Reason: > skipped: cannot insert user without email.
04-10-2023 @ 23:58:13 - Row :17 - Parsing item.
04-10-2023 @ 23:58:13 - Row :17 - Processing item.
04-10-2023 @ 23:58:13 - Processing users.
04-10-2023 @ 23:58:13 - > &#8220;870&#8221;User imported successfully. ID:870
04-10-2023 @ 23:58:13 - > Finished importing user 870
04-10-2023 @ 23:58:13 - Row :17 - User imported successfully.
04-10-2023 @ 23:58:13 - Row :18 - Parsing item.
04-10-2023 @ 23:58:13 - Row :18 - Processing item.
04-10-2023 @ 23:58:13 - Processing users.
04-10-2023 @ 23:58:13 - > &#8220;871&#8221;User imported successfully. ID:871
04-10-2023 @ 23:58:13 - > Finished importing user 871
04-10-2023 @ 23:58:13 - Row :18 - User imported successfully.
04-10-2023 @ 23:58:13 - Row :19 - Parsing item.
04-10-2023 @ 23:58:13 - Row :19 - Processing item.
04-10-2023 @ 23:58:13 - Processing users.
04-10-2023 @ 23:58:14 - > &#8220;872&#8221;User imported successfully. ID:872
04-10-2023 @ 23:58:14 - > Finished importing user 872
04-10-2023 @ 23:58:14 - Row :19 - User imported successfully.
04-10-2023 @ 23:58:14 - Row :20 - Parsing item.
04-10-2023 @ 23:58:14 - Row :20 - Processing item.
04-10-2023 @ 23:58:14 - Processing users.
04-10-2023 @ 23:58:14 - > &#8220;873&#8221;User imported successfully. ID:873
04-10-2023 @ 23:58:14 - > Finished importing user 873
04-10-2023 @ 23:58:14 - Row :20 - User imported successfully.
04-10-2023 @ 23:58:14 - Row :21 - Parsing item.
04-10-2023 @ 23:58:14 - Row :21 - Processing item.
04-10-2023 @ 23:58:14 - Processing users.
04-10-2023 @ 23:58:14 - > &#8220;874&#8221;User imported successfully. ID:874
04-10-2023 @ 23:58:14 - > Finished importing user 874
04-10-2023 @ 23:58:14 - Row :21 - User imported successfully.
04-10-2023 @ 23:58:14 - Row :22 - Parsing item.
04-10-2023 @ 23:58:14 - Row :22 - Parsing failed. Reason: User with same Email already exists. Email: Andrea.ranzinger72@gmx.de
04-10-2023 @ 23:58:14 - Row :23 - Parsing item.
04-10-2023 @ 23:58:14 - Row :23 - Parsing failed. Reason: User with same Email already exists. Email: info@weingut-roemmert.de
04-10-2023 @ 23:58:14 - Row :24 - Parsing item.
04-10-2023 @ 23:58:14 - Row :24 - Parsing failed. Reason: User with same Email already exists. Email: info@obsthof-jarzt.de
04-10-2023 @ 23:58:14 - Row :25 - Parsing item.
04-10-2023 @ 23:58:14 - Row :25 - Parsing failed. Reason: User with same Email already exists. Email: info@joggershof.de
04-10-2023 @ 23:58:14 - Row :26 - Parsing item.
04-10-2023 @ 23:58:14 - Row :26 - Processing item.
04-10-2023 @ 23:58:14 - Processing users.
04-10-2023 @ 23:58:15 - > &#8220;875&#8221;User imported successfully. ID:875
04-10-2023 @ 23:58:15 - > Finished importing user 875
04-10-2023 @ 23:58:15 - Row :26 - User imported successfully.
04-10-2023 @ 23:58:15 - Row :27 - Parsing item.
04-10-2023 @ 23:58:15 - Row :27 - Processing item.
04-10-2023 @ 23:58:15 - Processing users.
04-10-2023 @ 23:58:15 - > &#8220;876&#8221;User imported successfully. ID:876
04-10-2023 @ 23:58:15 - > Finished importing user 876
04-10-2023 @ 23:58:15 - Row :27 - User imported successfully.
04-10-2023 @ 23:58:15 - Row :28 - Parsing item.
04-10-2023 @ 23:58:15 - Row :28 - Processing item.
04-10-2023 @ 23:58:15 - Processing users.
04-10-2023 @ 23:58:15 - > &#8220;877&#8221;User imported successfully. ID:877
04-10-2023 @ 23:58:15 - > Finished importing user 877
04-10-2023 @ 23:58:15 - Row :28 - User imported successfully.
04-10-2023 @ 23:58:15 - Row :29 - Parsing item.
04-10-2023 @ 23:58:15 - Row :29 - Parsing failed. Reason: User with same Email already exists. Email: Marion.Obermair@web.de
04-10-2023 @ 23:58:15 - Row :30 - Parsing item.
04-10-2023 @ 23:58:15 - Row :30 - Processing item.
04-10-2023 @ 23:58:15 - Processing users.
04-10-2023 @ 23:58:16 - > &#8220;878&#8221;User imported successfully. ID:878
04-10-2023 @ 23:58:16 - > Finished importing user 878
04-10-2023 @ 23:58:16 - Row :30 - User imported successfully.
04-10-2023 @ 23:58:16 - Row :31 - Parsing item.
04-10-2023 @ 23:58:16 - Row :31 - Parsing failed. Reason: User with same Email already exists. Email: hofladen-kettner@web.de
04-10-2023 @ 23:58:16 - Row :32 - Parsing item.
04-10-2023 @ 23:58:16 - > skipped: cannot insert user without email.
04-10-2023 @ 23:58:16 - Row :32 - Parsing failed. Reason: > skipped: cannot insert user without email.
04-10-2023 @ 23:58:16 - Row :33 - Parsing item.
04-10-2023 @ 23:58:16 - Row :33 - Parsing failed. Reason: User with same Email already exists. Email: rmmayer@gmx.de
04-10-2023 @ 23:58:16 - Row :34 - Parsing item.
04-10-2023 @ 23:58:16 - Row :34 - Processing item.
04-10-2023 @ 23:58:16 - Processing users.
04-10-2023 @ 23:58:16 - > &#8220;879&#8221;User imported successfully. ID:879
04-10-2023 @ 23:58:16 - > Finished importing user 879
04-10-2023 @ 23:58:16 - Row :34 - User imported successfully.
04-10-2023 @ 23:58:16 - Row :35 - Parsing item.
04-10-2023 @ 23:58:16 - Row :35 - Processing item.
04-10-2023 @ 23:58:16 - Processing users.
04-10-2023 @ 23:58:16 - > &#8220;880&#8221;User imported successfully. ID:880
04-10-2023 @ 23:58:16 - > Finished importing user 880
04-10-2023 @ 23:58:16 - Row :35 - User imported successfully.
04-10-2023 @ 23:58:16 - Row :36 - Parsing item.
04-10-2023 @ 23:58:16 - Row :36 - Processing item.
04-10-2023 @ 23:58:16 - Processing users.
04-10-2023 @ 23:58:17 - > &#8220;881&#8221;User imported successfully. ID:881
04-10-2023 @ 23:58:17 - > Finished importing user 881
04-10-2023 @ 23:58:17 - Row :36 - User imported successfully.
04-10-2023 @ 23:58:17 - Row :37 - Parsing item.
04-10-2023 @ 23:58:17 - Row :37 - Processing item.
04-10-2023 @ 23:58:17 - Processing users.
04-10-2023 @ 23:58:17 - > &#8220;882&#8221;User imported successfully. ID:882
04-10-2023 @ 23:58:17 - > Finished importing user 882
04-10-2023 @ 23:58:17 - Row :37 - User imported successfully.
04-10-2023 @ 23:58:17 - Row :38 - Parsing item.
04-10-2023 @ 23:58:17 - Row :38 - Processing item.
04-10-2023 @ 23:58:17 - Processing users.
04-10-2023 @ 23:58:17 - > &#8220;883&#8221;User imported successfully. ID:883
04-10-2023 @ 23:58:17 - > Finished importing user 883
04-10-2023 @ 23:58:17 - Row :38 - User imported successfully.
04-10-2023 @ 23:58:17 - Row :39 - Parsing item.
04-10-2023 @ 23:58:17 - Row :39 - Processing item.
04-10-2023 @ 23:58:17 - Processing users.
04-10-2023 @ 23:58:18 - > &#8220;884&#8221;User imported successfully. ID:884
04-10-2023 @ 23:58:18 - > Finished importing user 884
04-10-2023 @ 23:58:18 - Row :39 - User imported successfully.
04-10-2023 @ 23:58:18 - Row :40 - Parsing item.
04-10-2023 @ 23:58:18 - Row :40 - Processing item.
04-10-2023 @ 23:58:18 - Processing users.
04-10-2023 @ 23:58:18 - > &#8220;885&#8221;User imported successfully. ID:885
04-10-2023 @ 23:58:18 - > Finished importing user 885
04-10-2023 @ 23:58:18 - Row :40 - User imported successfully.
04-10-2023 @ 23:58:18 - Row :41 - Parsing item.
04-10-2023 @ 23:58:18 - Row :41 - Processing item.
04-10-2023 @ 23:58:18 - Processing users.
04-10-2023 @ 23:58:23 - > &#8220;886&#8221;User imported successfully. ID:886
04-10-2023 @ 23:58:23 - > Finished importing user 886
04-10-2023 @ 23:58:23 - Row :41 - User imported successfully.
04-10-2023 @ 23:58:23 - Row :42 - Parsing item.
04-10-2023 @ 23:58:23 - Row :42 - Processing item.
04-10-2023 @ 23:58:23 - Processing users.
04-10-2023 @ 23:58:23 - > &#8220;887&#8221;User imported successfully. ID:887
04-10-2023 @ 23:58:23 - > Finished importing user 887
04-10-2023 @ 23:58:23 - Row :42 - User imported successfully.
04-10-2023 @ 23:58:23 - Row :43 - Parsing item.
04-10-2023 @ 23:58:23 - Row :43 - Processing item.
04-10-2023 @ 23:58:23 - Processing users.
04-10-2023 @ 23:58:24 - > &#8220;888&#8221;User imported successfully. ID:888
04-10-2023 @ 23:58:24 - > Finished importing user 888
04-10-2023 @ 23:58:24 - Row :43 - User imported successfully.
04-10-2023 @ 23:58:24 - Row :44 - Parsing item.
04-10-2023 @ 23:58:24 - Row :44 - Processing item.
04-10-2023 @ 23:58:24 - Processing users.
04-10-2023 @ 23:58:24 - > &#8220;889&#8221;User imported successfully. ID:889
04-10-2023 @ 23:58:24 - > Finished importing user 889
04-10-2023 @ 23:58:24 - Row :44 - User imported successfully.
04-10-2023 @ 23:58:24 - Row :45 - Parsing item.
04-10-2023 @ 23:58:24 - Row :45 - Processing item.
04-10-2023 @ 23:58:24 - Processing users.
04-10-2023 @ 23:58:24 - > &#8220;890&#8221;User imported successfully. ID:890
04-10-2023 @ 23:58:24 - > Finished importing user 890
04-10-2023 @ 23:58:24 - Row :45 - User imported successfully.
04-10-2023 @ 23:58:24 - Row :46 - Parsing item.
04-10-2023 @ 23:58:24 - Row :46 - Processing item.
04-10-2023 @ 23:58:24 - Processing users.
04-10-2023 @ 23:58:25 - > &#8220;891&#8221;User imported successfully. ID:891
04-10-2023 @ 23:58:25 - > Finished importing user 891
04-10-2023 @ 23:58:25 - Row :46 - User imported successfully.
04-10-2023 @ 23:58:25 - Row :47 - Parsing item.
04-10-2023 @ 23:58:25 - Row :47 - Processing item.
04-10-2023 @ 23:58:25 - Processing users.
04-10-2023 @ 23:58:25 - > &#8220;892&#8221;User imported successfully. ID:892
04-10-2023 @ 23:58:25 - > Finished importing user 892
04-10-2023 @ 23:58:25 - Row :47 - User imported successfully.
04-10-2023 @ 23:58:25 - Row :48 - Parsing item.
04-10-2023 @ 23:58:25 - Row :48 - Processing item.
04-10-2023 @ 23:58:25 - Processing users.
04-10-2023 @ 23:58:25 - > &#8220;893&#8221;User imported successfully. ID:893
04-10-2023 @ 23:58:25 - > Finished importing user 893
04-10-2023 @ 23:58:25 - Row :48 - User imported successfully.
04-10-2023 @ 23:58:25 - ---[ Import ended at 2023-04-10 21:58:25]---
