04-13-2023 @ 01:02:48 - ---[ New import started at 2023-04-12 23:02:48 ] PHP Memory: 256 MB, WP Memory: 40 MB
04-13-2023 @ 01:02:48 - Preparing for import.
04-13-2023 @ 01:02:48 - Row :1 - Parsing item.
04-13-2023 @ 01:02:48 - Row :1 - Processing item.
04-13-2023 @ 01:02:48 - Processing users.
04-13-2023 @ 01:02:48 - > &#8220;900&#8221;User imported successfully. ID:900
04-13-2023 @ 01:02:48 - > Finished importing user 900
04-13-2023 @ 01:02:48 - Row :1 - User imported successfully.
04-13-2023 @ 01:02:48 - Row :2 - Parsing item.
04-13-2023 @ 01:02:48 - Row :2 - Processing item.
04-13-2023 @ 01:02:48 - Processing users.
04-13-2023 @ 01:02:48 - > &#8220;901&#8221;User imported successfully. ID:901
04-13-2023 @ 01:02:48 - > Finished importing user 901
04-13-2023 @ 01:02:48 - Row :2 - User imported successfully.
04-13-2023 @ 01:02:48 - Row :3 - Parsing item.
04-13-2023 @ 01:02:48 - Row :3 - Processing item.
04-13-2023 @ 01:02:48 - Processing users.
04-13-2023 @ 01:02:49 - > &#8220;902&#8221;User imported successfully. ID:902
04-13-2023 @ 01:02:49 - > Finished importing user 902
04-13-2023 @ 01:02:49 - Row :3 - User imported successfully.
04-13-2023 @ 01:02:49 - Row :4 - Parsing item.
04-13-2023 @ 01:02:49 - Row :4 - Parsing failed. Reason: User with same Email already exists. Email: saftladen-barthel@gmx.de
04-13-2023 @ 01:02:49 - Row :5 - Parsing item.
04-13-2023 @ 01:02:49 - Row :5 - Processing item.
04-13-2023 @ 01:02:49 - Processing users.
04-13-2023 @ 01:02:49 - > &#8220;903&#8221;User imported successfully. ID:903
04-13-2023 @ 01:02:49 - > Finished importing user 903
04-13-2023 @ 01:02:49 - Row :5 - User imported successfully.
04-13-2023 @ 01:02:49 - Row :6 - Parsing item.
04-13-2023 @ 01:02:49 - Row :6 - Parsing failed. Reason: User with same Email already exists. Email: derackerladen@gmx.de
04-13-2023 @ 01:02:49 - Row :7 - Parsing item.
04-13-2023 @ 01:02:49 - Row :7 - Parsing failed. Reason: User with same Email already exists. Email: info@imkerei-keidel.de
04-13-2023 @ 01:02:49 - Row :8 - Parsing item.
04-13-2023 @ 01:02:49 - Row :8 - Processing item.
04-13-2023 @ 01:02:49 - Processing users.
04-13-2023 @ 01:02:49 - > &#8220;904&#8221;User imported successfully. ID:904
04-13-2023 @ 01:02:49 - > Finished importing user 904
04-13-2023 @ 01:02:49 - Row :8 - User imported successfully.
04-13-2023 @ 01:02:49 - Row :9 - Parsing item.
04-13-2023 @ 01:02:49 - Row :9 - Processing item.
04-13-2023 @ 01:02:49 - Processing users.
04-13-2023 @ 01:02:49 - > &#8220;905&#8221;User imported successfully. ID:905
04-13-2023 @ 01:02:49 - > Finished importing user 905
04-13-2023 @ 01:02:49 - Row :9 - User imported successfully.
04-13-2023 @ 01:02:49 - Row :10 - Parsing item.
04-13-2023 @ 01:02:49 - Row :10 - Processing item.
04-13-2023 @ 01:02:49 - Processing users.
04-13-2023 @ 01:02:50 - > &#8220;906&#8221;User imported successfully. ID:906
04-13-2023 @ 01:02:50 - > Finished importing user 906
04-13-2023 @ 01:02:50 - Row :10 - User imported successfully.
04-13-2023 @ 01:02:50 - ---[ Import ended at 2023-04-12 23:02:50]---
