09-25-2023 @ 14:36:04 - ---[ New import started at 2023-09-25 12:36:04 ] PHP Memory: 256 MB, WP Memory: 40 MB
09-25-2023 @ 14:36:04 - Preparing for import.
09-25-2023 @ 14:36:04 - Row :1 - Parsing item.
09-25-2023 @ 14:36:04 - Row :1 - Parsing failed. Reason: User with same Email already exists. Email: henrik-burmester@hofsteinberg.de
09-25-2023 @ 14:36:04 - Row :2 - Parsing item.
09-25-2023 @ 14:36:04 - Row :2 - Parsing failed. Reason: User with same Email already exists. Email: info@vonundzutisch.de
09-25-2023 @ 14:36:04 - Row :3 - Parsing item.
09-25-2023 @ 14:36:04 - Row :3 - Parsing failed. Reason: User with same Email already exists. Email: wimmer-ronecker@clubk-sprachen.de
09-25-2023 @ 14:36:04 - Row :4 - Parsing item.
09-25-2023 @ 14:36:04 - Row :4 - Parsing failed. Reason: User with same Email already exists. Email: derackerladen@gmx.de
09-25-2023 @ 14:36:04 - Row :5 - Parsing item.
09-25-2023 @ 14:36:04 - Row :5 - Parsing failed. Reason: User with same Email already exists. Email: info@flaschengeist.de
09-25-2023 @ 14:36:04 - Row :6 - Parsing item.
09-25-2023 @ 14:36:04 - Row :6 - Parsing failed. Reason: User with same Email already exists. Email: gemuesebau-jung@t-online.de
09-25-2023 @ 14:36:04 - Row :7 - Parsing item.
09-25-2023 @ 14:36:04 - Row :7 - Parsing failed. Reason: User with same Email already exists. Email: info@obsthof-mohn.de
09-25-2023 @ 14:36:04 - Row :8 - Parsing item.
09-25-2023 @ 14:36:04 - Row :8 - Parsing failed. Reason: User with same Email already exists. Email: anjabehringer@yahoo.de
09-25-2023 @ 14:36:04 - Row :9 - Parsing item.
09-25-2023 @ 14:36:04 - Row :9 - Parsing failed. Reason: User with same Email already exists. Email: ernst-cafe-forster@chefmail.de
09-25-2023 @ 14:36:04 - Row :10 - Parsing item.
09-25-2023 @ 14:36:04 - Row :10 - Parsing failed. Reason: User with same Email already exists. Email: mail@essclusiv.com
09-25-2023 @ 14:36:04 - Row :11 - Parsing item.
09-25-2023 @ 14:36:04 - Row :11 - Parsing failed. Reason: User with same Email already exists. Email: birgit.kimmich-doerr@elkb.de
09-25-2023 @ 14:36:04 - Row :12 - Parsing item.
09-25-2023 @ 14:36:04 - Row :12 - Parsing failed. Reason: User with same Email already exists. Email: info@landwirt-seifert.de
09-25-2023 @ 14:36:04 - Row :13 - Parsing item.
09-25-2023 @ 14:36:04 - Row :13 - Parsing failed. Reason: User with same Email already exists. Email: Info@hofladenkoeppen.de
09-25-2023 @ 14:36:04 - Row :14 - Parsing item.
09-25-2023 @ 14:36:04 - Row :14 - Parsing failed. Reason: User with same Email already exists. Email: kartoffelhof-vulpius@gmx.de
09-25-2023 @ 14:36:04 - Row :15 - Parsing item.
09-25-2023 @ 14:36:04 - Row :15 - Parsing failed. Reason: User with same Email already exists. Email: dennis@gretzschel.eu
09-25-2023 @ 14:36:04 - Row :16 - Parsing item.
09-25-2023 @ 14:36:04 - Row :16 - Parsing failed. Reason: User with same Email already exists. Email: info@aroma-genuss-erleben.de
09-25-2023 @ 14:36:04 - Row :17 - Parsing item.
09-25-2023 @ 14:36:04 - Row :17 - Parsing failed. Reason: User with same Email already exists. Email: info@hofladen-brunner.de
09-25-2023 @ 14:36:04 - Row :18 - Parsing item.
09-25-2023 @ 14:36:04 - Row :18 - Parsing failed. Reason: User with same Email already exists. Email: s.krawinkel@gmx.net
09-25-2023 @ 14:36:04 - Row :19 - Parsing item.
09-25-2023 @ 14:36:04 - Row :19 - Parsing failed. Reason: User with same Email already exists. Email: c.meyer@jo-snack.com
09-25-2023 @ 14:36:04 - Row :20 - Parsing item.
09-25-2023 @ 14:36:04 - Row :20 - Parsing failed. Reason: User with same Email already exists. Email: shop@htr-feinkost.de
09-25-2023 @ 14:36:04 - Row :21 - Parsing item.
09-25-2023 @ 14:36:04 - Row :21 - Parsing failed. Reason: User with same Email already exists. Email: info@brot-schwarz.de
09-25-2023 @ 14:36:04 - Row :22 - Parsing item.
09-25-2023 @ 14:36:04 - Row :22 - Parsing failed. Reason: User with same Email already exists. Email: gabriele.schwebe@googlemail.de
09-25-2023 @ 14:36:04 - Row :23 - Parsing item.
09-25-2023 @ 14:36:04 - Row :23 - Parsing failed. Reason: User with same Email already exists. Email: gerd-obernoeder@gmx.de
09-25-2023 @ 14:36:04 - Row :24 - Parsing item.
09-25-2023 @ 14:36:04 - Row :24 - Parsing failed. Reason: User with same Email already exists. Email: klauskrischke@web.de
09-25-2023 @ 14:36:04 - Row :25 - Parsing item.
09-25-2023 @ 14:36:04 - Row :25 - Parsing failed. Reason: User with same Email already exists. Email: sm@heimathaven.com
09-25-2023 @ 14:36:04 - Row :26 - Parsing item.
09-25-2023 @ 14:36:04 - Row :26 - Parsing failed. Reason: User with same Email already exists. Email: hubertus-bleckmann@t-online.de
09-25-2023 @ 14:36:04 - Row :27 - Parsing item.
09-25-2023 @ 14:36:04 - Row :27 - Parsing failed. Reason: User with same Email already exists. Email: janholstoldenburg@gmail.com
09-25-2023 @ 14:36:04 - Row :28 - Parsing item.
09-25-2023 @ 14:36:04 - Row :28 - Parsing failed. Reason: User with same Email already exists. Email: Jochen.nibbe@gmail.com
09-25-2023 @ 14:36:04 - Row :29 - Parsing item.
09-25-2023 @ 14:36:04 - Row :29 - Parsing failed. Reason: User with same Email already exists. Email: joerglenhardt@aol.com
09-25-2023 @ 14:36:04 - Row :30 - Parsing item.
09-25-2023 @ 14:36:04 - Row :30 - Parsing failed. Reason: User with same Email already exists. Email: hofladen@hinterbauerhof.de
09-25-2023 @ 14:36:04 - Row :31 - Parsing item.
09-25-2023 @ 14:36:04 - Row :31 - Parsing failed. Reason: User with same Email already exists. Email: jutta.herzog@gmx.de
09-25-2023 @ 14:36:04 - Row :32 - Parsing item.
09-25-2023 @ 14:36:04 - Row :32 - Parsing failed. Reason: User with same Email already exists. Email: karincoe26@gmail.com
09-25-2023 @ 14:36:04 - Row :33 - Parsing item.
09-25-2023 @ 14:36:04 - Row :33 - Parsing failed. Reason: User with same Email already exists. Email: info@bauernhof-selzer.de
09-25-2023 @ 14:36:04 - Row :34 - Parsing item.
09-25-2023 @ 14:36:04 - Row :34 - Parsing failed. Reason: User with same Email already exists. Email: katja@mama-mutzi.de
09-25-2023 @ 14:36:04 - Row :35 - Parsing item.
09-25-2023 @ 14:36:04 - Row :35 - Parsing failed. Reason: User with same Email already exists. Email: knobloch.heilbronn@t-online.de
09-25-2023 @ 14:36:04 - Row :36 - Parsing item.
09-25-2023 @ 14:36:04 - Row :36 - Parsing failed. Reason: User with same Email already exists. Email: info@cookintheboxx.de
09-25-2023 @ 14:36:04 - Row :37 - Parsing item.
09-25-2023 @ 14:36:04 - Row :37 - Parsing failed. Reason: User with same Email already exists. Email: info@dorn-stein.de
09-25-2023 @ 14:36:04 - Row :38 - Parsing item.
09-25-2023 @ 14:36:04 - Row :38 - Parsing failed. Reason: User with same Email already exists. Email: michael.brand2@rewe-group.com
09-25-2023 @ 14:36:04 - Row :39 - Parsing item.
09-25-2023 @ 14:36:04 - Row :39 - Parsing failed. Reason: User with same Email already exists. Email: lottes-feinkostlaedle@gmx.de
09-25-2023 @ 14:36:04 - Row :40 - Parsing item.
09-25-2023 @ 14:36:04 - Row :40 - Parsing failed. Reason: User with same Email already exists. Email: info@winefactory.shop
09-25-2023 @ 14:36:04 - Row :41 - Parsing item.
09-25-2023 @ 14:36:04 - Row :41 - Parsing failed. Reason: User with same Email already exists. Email: info@walz-wein.de
09-25-2023 @ 14:36:04 - Row :42 - Parsing item.
09-25-2023 @ 14:36:04 - Row :42 - Parsing failed. Reason: User with same Email already exists. Email: martin-loehlein@t-online.de
09-25-2023 @ 14:36:04 - Row :43 - Parsing item.
09-25-2023 @ 14:36:04 - Row :43 - Parsing failed. Reason: User with same Email already exists. Email: info@feinkost-pohlmann.de
09-25-2023 @ 14:36:04 - Row :44 - Parsing item.
09-25-2023 @ 14:36:04 - Row :44 - Parsing failed. Reason: User with same Email already exists. Email: Markuswoehl@web.de
09-25-2023 @ 14:36:04 - Row :45 - Parsing item.
09-25-2023 @ 14:36:04 - Row :45 - Parsing failed. Reason: User with same Email already exists. Email: nicolesteinberger14@gmail.com
09-25-2023 @ 14:36:04 - Row :46 - Parsing item.
09-25-2023 @ 14:36:04 - Row :46 - Parsing failed. Reason: User with same Email already exists. Email: feinkost-ahrend@mail.de
09-25-2023 @ 14:36:04 - Row :47 - Parsing item.
09-25-2023 @ 14:36:04 - Row :47 - Parsing failed. Reason: User with same Email already exists. Email: klubert@gemuese-schmiedelberg.de
09-25-2023 @ 14:36:04 - Row :48 - Parsing item.
09-25-2023 @ 14:36:04 - Row :48 - Parsing failed. Reason: User with same Email already exists. Email: info@bohrerhof.de
09-25-2023 @ 14:36:04 - Row :49 - Parsing item.
09-25-2023 @ 14:36:04 - Row :49 - Parsing failed. Reason: User with same Email already exists. Email: piahimmelmann@freenet.de
09-25-2023 @ 14:36:04 - Row :50 - Parsing item.
09-25-2023 @ 14:36:04 - Row :50 - Parsing failed. Reason: User with same Email already exists. Email: hof-erbenheim@t-online.de
09-25-2023 @ 14:36:04 - Row :51 - Parsing item.
09-25-2023 @ 14:36:04 - Row :51 - Parsing failed. Reason: User with same Email already exists. Email: seidlromy@gmail.com
09-25-2023 @ 14:36:04 - Row :52 - Parsing item.
09-25-2023 @ 14:36:04 - Row :52 - Parsing failed. Reason: User with same Email already exists. Email: info@hofgut-stahl.de
09-25-2023 @ 14:36:04 - Row :53 - Parsing item.
09-25-2023 @ 14:36:04 - Row :53 - Parsing failed. Reason: User with same Email already exists. Email: gemuesebau-koch@t-online.de
09-25-2023 @ 14:36:04 - Row :54 - Parsing item.
09-25-2023 @ 14:36:04 - Row :54 - Parsing failed. Reason: User with same Email already exists. Email: hofladenerlenhof@t-online.de
09-25-2023 @ 14:36:04 - Row :55 - Parsing item.
09-25-2023 @ 14:36:04 - Row :55 - Parsing failed. Reason: User with same Email already exists. Email: info@hocks-feinundkostbar.de
09-25-2023 @ 14:36:04 - Row :56 - Parsing item.
09-25-2023 @ 14:36:04 - Row :56 - Parsing failed. Reason: User with same Email already exists. Email: info@kemmler-friedrichshall.de
09-25-2023 @ 14:36:04 - Row :57 - Parsing item.
09-25-2023 @ 14:36:04 - Row :57 - Parsing failed. Reason: User with same Email already exists. Email: info@leckerwein.de
09-25-2023 @ 14:36:04 - Row :58 - Parsing item.
09-25-2023 @ 14:36:04 - Row :58 - Parsing failed. Reason: User with same Email already exists. Email: info@wildberghof-buchet.de
09-25-2023 @ 14:36:04 - Row :59 - Parsing item.
09-25-2023 @ 14:36:04 - Row :59 - Parsing failed. Reason: User with same Email already exists. Email: tobias.vetter@student.hswt.de
09-25-2023 @ 14:36:04 - Row :60 - Parsing item.
09-25-2023 @ 14:36:04 - Row :60 - Parsing failed. Reason: User with same Email already exists. Email: info@vogelsanger-hofladen.de
09-25-2023 @ 14:36:04 - Row :61 - Parsing item.
09-25-2023 @ 14:36:04 - Row :61 - Parsing failed. Reason: User with same Email already exists. Email: blumen-schoetz@t-online.de
09-25-2023 @ 14:36:04 - Row :62 - Parsing item.
09-25-2023 @ 14:36:04 - Row :62 - Parsing failed. Reason: User with same Email already exists. Email: v.kohlhauf@lanserhof.com
09-25-2023 @ 14:36:04 - Row :63 - Parsing item.
09-25-2023 @ 14:36:04 - Row :63 - Parsing failed. Reason: User with same Email already exists. Email: info@perfect-camping.de
09-25-2023 @ 14:36:04 - Row :64 - Parsing item.
09-25-2023 @ 14:36:04 - > skipped: Email is not valid. willi@surfcenter-altmühlsee.de
09-25-2023 @ 14:36:04 - Row :64 - Parsing failed. Reason: >  skipped: Email is not valid.
09-25-2023 @ 14:36:04 - Row :65 - Parsing item.
09-25-2023 @ 14:36:04 - Row :65 - Parsing failed. Reason: User with same Email already exists. Email: accounting@goldhahnundsampson.de
09-25-2023 @ 14:36:04 - Row :66 - Parsing item.
09-25-2023 @ 14:36:04 - Row :66 - Parsing failed. Reason: User with same Email already exists. Email: info@boxenstopp.shop
09-25-2023 @ 14:36:04 - Row :67 - Parsing item.
09-25-2023 @ 14:36:04 - Row :67 - Parsing failed. Reason: User with same Email already exists. Email: info@mimis-beilngries.de
09-25-2023 @ 14:36:04 - Row :68 - Parsing item.
09-25-2023 @ 14:36:04 - Row :68 - Parsing failed. Reason: User with same Email already exists. Email: saftladen-barthel@gmx.de
09-25-2023 @ 14:36:04 - Row :69 - Parsing item.
09-25-2023 @ 14:36:04 - Row :69 - Parsing failed. Reason: User with same Email already exists. Email: info@imkerei-keidel.de
09-25-2023 @ 14:36:04 - Row :70 - Parsing item.
09-25-2023 @ 14:36:04 - Row :70 - Parsing failed. Reason: User with same Email already exists. Email: andrea@hofstetter-nandlstadt.de
09-25-2023 @ 14:36:04 - Row :71 - Parsing item.
09-25-2023 @ 14:36:04 - Row :71 - Parsing failed. Reason: User with same Email already exists. Email: bk779@web.de
09-25-2023 @ 14:36:04 - Row :72 - Parsing item.
09-25-2023 @ 14:36:04 - Row :72 - Parsing failed. Reason: User with same Email already exists. Email: info@probsthof-paf.de
09-25-2023 @ 14:36:04 - Row :73 - Parsing item.
09-25-2023 @ 14:36:04 - Row :73 - Parsing failed. Reason: User with same Email already exists. Email: kontakt@naturhof-sackenreuter.de
09-25-2023 @ 14:36:04 - Row :74 - Parsing item.
09-25-2023 @ 14:36:04 - Row :74 - Parsing failed. Reason: User with same Email already exists. Email: dorfladen@marktzeuln.de
09-25-2023 @ 14:36:04 - Row :75 - Parsing item.
09-25-2023 @ 14:36:04 - Row :75 - Parsing failed. Reason: User with same Email already exists. Email: baeckerei.wittmann@gmx.de
09-25-2023 @ 14:36:04 - Row :76 - Parsing item.
09-25-2023 @ 14:36:04 - Row :76 - Parsing failed. Reason: User with same Email already exists. Email: anton-l@gmx.net
09-25-2023 @ 14:36:04 - Row :77 - Parsing item.
09-25-2023 @ 14:36:04 - Row :77 - Parsing failed. Reason: User with same Email already exists. Email: info@dorfladen-eisenheim.de
09-25-2023 @ 14:36:04 - Row :78 - Parsing item.
09-25-2023 @ 14:36:04 - Row :78 - Parsing failed. Reason: User with same Email already exists. Email: d.braunmiller71@mein.gmx
09-25-2023 @ 14:36:04 - Row :79 - Parsing item.
09-25-2023 @ 14:36:04 - Row :79 - Parsing failed. Reason: User with same Email already exists. Email: DerHofladen@gmx.de
09-25-2023 @ 14:36:04 - Row :80 - Parsing item.
09-25-2023 @ 14:36:04 - Row :80 - Parsing failed. Reason: User with same Email already exists. Email: info@giertensmuehle.de
09-25-2023 @ 14:36:04 - Row :81 - Parsing item.
09-25-2023 @ 14:36:04 - Row :81 - Parsing failed. Reason: User with same Email already exists. Email: felix.bense@gudgoods.de
09-25-2023 @ 14:36:04 - Row :82 - Parsing item.
09-25-2023 @ 14:36:04 - Row :82 - Parsing failed. Reason: User with same Email already exists. Email: robinschneider99@gmx.de
09-25-2023 @ 14:36:04 - Row :83 - Parsing item.
09-25-2023 @ 14:36:04 - Row :83 - Parsing failed. Reason: User with same Email already exists. Email: info@endress-markt.de
09-25-2023 @ 14:36:04 - Row :84 - Parsing item.
09-25-2023 @ 14:36:04 - Row :84 - Parsing failed. Reason: User with same Email already exists. Email: st@neuehoefe.de
09-25-2023 @ 14:36:04 - Row :85 - Parsing item.
09-25-2023 @ 14:36:04 - Row :85 - Parsing failed. Reason: User with same Email already exists. Email: info@bells-genusshof.de
09-25-2023 @ 14:36:04 - Row :86 - Parsing item.
09-25-2023 @ 14:36:04 - Row :86 - Parsing failed. Reason: User with same Email already exists. Email: mayr.hofheim@t-online.de
09-25-2023 @ 14:36:04 - Row :87 - Parsing item.
09-25-2023 @ 14:36:04 - Row :87 - Parsing failed. Reason: User with same Email already exists. Email: Die-Oase-Buchschwabach@web.de
09-25-2023 @ 14:36:04 - Row :88 - Parsing item.
09-25-2023 @ 14:36:04 - Row :88 - Parsing failed. Reason: User with same Email already exists. Email: daniela@obstfee.de
09-25-2023 @ 14:36:04 - Row :89 - Parsing item.
09-25-2023 @ 14:36:04 - Row :89 - Parsing failed. Reason: User with same Email already exists. Email: info@weingut-froehlich.de
09-25-2023 @ 14:36:04 - ---[ Import ended at 2023-09-25 12:36:04]---
