10-06-2021 @ 10:43:59 - ---[ New import started at 2021-10-06 08:43:59 ] PHP Memory: 128 MB, WP Memory: 40 MB
10-06-2021 @ 10:43:59 - Preparing for import.
10-06-2021 @ 10:43:59 - Row :1 - Parsing item.
10-06-2021 @ 10:43:59 - Row :1 - Processing item.
10-06-2021 @ 10:43:59 - Processing users.
10-06-2021 @ 10:44:00 - > &#8220;10&#8221;User imported successfully. ID:10
10-06-2021 @ 10:44:00 - > Finished importing user 10
10-06-2021 @ 10:44:00 - Row :1 - User imported successfully.
10-06-2021 @ 10:44:00 - Row :2 - Parsing item.
10-06-2021 @ 10:44:00 - Row :2 - Processing item.
10-06-2021 @ 10:44:00 - Processing users.
10-06-2021 @ 10:44:00 - > &#8220;11&#8221;User imported successfully. ID:11
10-06-2021 @ 10:44:00 - > Finished importing user 11
10-06-2021 @ 10:44:00 - Row :2 - User imported successfully.
10-06-2021 @ 10:44:00 - Row :3 - Parsing item.
10-06-2021 @ 10:44:00 - Row :3 - Processing item.
10-06-2021 @ 10:44:00 - Processing users.
10-06-2021 @ 10:44:00 - > &#8220;12&#8221;User imported successfully. ID:12
10-06-2021 @ 10:44:00 - > Finished importing user 12
10-06-2021 @ 10:44:00 - Row :3 - User imported successfully.
10-06-2021 @ 10:44:00 - Row :4 - Parsing item.
10-06-2021 @ 10:44:00 - Row :4 - Processing item.
10-06-2021 @ 10:44:00 - Processing users.
10-06-2021 @ 10:44:00 - > &#8220;13&#8221;User imported successfully. ID:13
10-06-2021 @ 10:44:00 - > Finished importing user 13
10-06-2021 @ 10:44:00 - Row :4 - User imported successfully.
10-06-2021 @ 10:44:00 - Row :5 - Parsing item.
10-06-2021 @ 10:44:00 - Row :5 - Processing item.
10-06-2021 @ 10:44:00 - Processing users.
10-06-2021 @ 10:44:01 - > &#8220;14&#8221;User imported successfully. ID:14
10-06-2021 @ 10:44:01 - > Finished importing user 14
10-06-2021 @ 10:44:01 - Row :5 - User imported successfully.
10-06-2021 @ 10:44:01 - Row :6 - Parsing item.
10-06-2021 @ 10:44:01 - Row :6 - Processing item.
10-06-2021 @ 10:44:01 - Processing users.
10-06-2021 @ 10:44:01 - > &#8220;15&#8221;User imported successfully. ID:15
10-06-2021 @ 10:44:01 - > Finished importing user 15
10-06-2021 @ 10:44:01 - Row :6 - User imported successfully.
10-06-2021 @ 10:44:01 - Row :7 - Parsing item.
10-06-2021 @ 10:44:01 - Row :7 - Processing item.
10-06-2021 @ 10:44:01 - Processing users.
10-06-2021 @ 10:44:01 - > &#8220;16&#8221;User imported successfully. ID:16
10-06-2021 @ 10:44:01 - > Finished importing user 16
10-06-2021 @ 10:44:01 - Row :7 - User imported successfully.
10-06-2021 @ 10:44:01 - Row :8 - Parsing item.
10-06-2021 @ 10:44:01 - Row :8 - Processing item.
10-06-2021 @ 10:44:01 - Processing users.
10-06-2021 @ 10:44:01 - > &#8220;17&#8221;User imported successfully. ID:17
10-06-2021 @ 10:44:01 - > Finished importing user 17
10-06-2021 @ 10:44:01 - Row :8 - User imported successfully.
10-06-2021 @ 10:44:01 - Row :9 - Parsing item.
10-06-2021 @ 10:44:01 - Row :9 - Processing item.
10-06-2021 @ 10:44:01 - Processing users.
10-06-2021 @ 10:44:01 - > &#8220;18&#8221;User imported successfully. ID:18
10-06-2021 @ 10:44:01 - > Finished importing user 18
10-06-2021 @ 10:44:01 - Row :9 - User imported successfully.
10-06-2021 @ 10:44:01 - Row :10 - Parsing item.
10-06-2021 @ 10:44:01 - Row :10 - Processing item.
10-06-2021 @ 10:44:01 - Processing users.
10-06-2021 @ 10:44:01 - > &#8220;19&#8221;User imported successfully. ID:19
10-06-2021 @ 10:44:01 - > Finished importing user 19
10-06-2021 @ 10:44:01 - Row :10 - User imported successfully.
10-06-2021 @ 10:44:01 - Row :11 - Parsing item.
10-06-2021 @ 10:44:01 - Row :11 - Processing item.
10-06-2021 @ 10:44:01 - Processing users.
10-06-2021 @ 10:44:02 - > &#8220;20&#8221;User imported successfully. ID:20
10-06-2021 @ 10:44:02 - > Finished importing user 20
10-06-2021 @ 10:44:02 - Row :11 - User imported successfully.
10-06-2021 @ 10:44:02 - Row :12 - Parsing item.
10-06-2021 @ 10:44:02 - Row :12 - Processing item.
10-06-2021 @ 10:44:02 - Processing users.
10-06-2021 @ 10:44:02 - > &#8220;21&#8221;User imported successfully. ID:21
10-06-2021 @ 10:44:02 - > Finished importing user 21
10-06-2021 @ 10:44:02 - Row :12 - User imported successfully.
10-06-2021 @ 10:44:02 - Row :13 - Parsing item.
10-06-2021 @ 10:44:02 - Row :13 - Processing item.
10-06-2021 @ 10:44:02 - Processing users.
10-06-2021 @ 10:44:02 - > &#8220;22&#8221;User imported successfully. ID:22
10-06-2021 @ 10:44:02 - > Finished importing user 22
10-06-2021 @ 10:44:02 - Row :13 - User imported successfully.
10-06-2021 @ 10:44:02 - Row :14 - Parsing item.
10-06-2021 @ 10:44:02 - Row :14 - Processing item.
10-06-2021 @ 10:44:02 - Processing users.
10-06-2021 @ 10:44:02 - > &#8220;23&#8221;User imported successfully. ID:23
10-06-2021 @ 10:44:02 - > Finished importing user 23
10-06-2021 @ 10:44:02 - Row :14 - User imported successfully.
10-06-2021 @ 10:44:02 - Row :15 - Parsing item.
10-06-2021 @ 10:44:02 - Row :15 - Processing item.
10-06-2021 @ 10:44:02 - Processing users.
10-06-2021 @ 10:44:02 - > &#8220;24&#8221;User imported successfully. ID:24
10-06-2021 @ 10:44:02 - > Finished importing user 24
10-06-2021 @ 10:44:02 - Row :15 - User imported successfully.
10-06-2021 @ 10:44:02 - Row :16 - Parsing item.
10-06-2021 @ 10:44:02 - Row :16 - Processing item.
10-06-2021 @ 10:44:02 - Processing users.
10-06-2021 @ 10:44:03 - > &#8220;25&#8221;User imported successfully. ID:25
10-06-2021 @ 10:44:03 - > Finished importing user 25
10-06-2021 @ 10:44:03 - Row :16 - User imported successfully.
10-06-2021 @ 10:44:03 - Row :17 - Parsing item.
10-06-2021 @ 10:44:03 - Row :17 - Processing item.
10-06-2021 @ 10:44:03 - Processing users.
10-06-2021 @ 10:44:03 - > &#8220;26&#8221;User imported successfully. ID:26
10-06-2021 @ 10:44:03 - > Finished importing user 26
10-06-2021 @ 10:44:03 - Row :17 - User imported successfully.
10-06-2021 @ 10:44:03 - Row :18 - Parsing item.
10-06-2021 @ 10:44:03 - Row :18 - Processing item.
10-06-2021 @ 10:44:03 - Processing users.
10-06-2021 @ 10:44:03 - > &#8220;27&#8221;User imported successfully. ID:27
10-06-2021 @ 10:44:03 - > Finished importing user 27
10-06-2021 @ 10:44:03 - Row :18 - User imported successfully.
10-06-2021 @ 10:44:03 - ---[ Import ended at 2021-10-06 08:44:03]---
